[EFX-0008 VERI-WARNING] (/home/wisdom/2019.3/project/MIPIDebug1.6/Efinity/../Source/../Source/MIPI_Parameter.v 60) macro 'Timing_Tx_THS_Exit_nsL8' redefined (VERI-1295)
[EFX-0008 VERI-WARNING] (/home/wisdom/2019.3/project/MIPIDebug1.6/Efinity/../Source/MipiRxProcess.v 432) empty port in module declaration (VERI-1294)
[EFX-0008 VERI-WARNING] (/home/wisdom/2019.3/project/MIPIDebug1.6/Efinity/../Source/MIPITxProcess.v 695) expression size 32 truncated to fit in target size 8 (VERI-1209)
[EFX-0008 VERI-WARNING] (/home/wisdom/2019.3/project/MIPIDebug1.6/Efinity/../Source/MIPITxProcess.v 743) expression size 9 truncated to fit in target size 8 (VERI-1209)
[EFX-0008 VERI-WARNING] (/home/wisdom/2019.3/project/MIPIDebug1.6/Efinity/debug_top.v 523) port 'probe7' remains unconnected for this instance (VERI-1927)
[EFX-0008 VERI-WARNING] (/home/wisdom/2019.3/project/MIPIDebug1.6/Efinity/debug_top.v 4282) expression size 4 truncated to fit in target size 1 (VERI-1209)
[EFX-0008 VERI-WARNING] (/home/wisdom/2019.3/project/MIPIDebug1.6/Efinity/debug_top.v 4285) expression size 4 truncated to fit in target size 1 (VERI-1209)
[EFX-0008 VERI-WARNING] (/home/wisdom/2019.3/project/MIPIDebug1.6/Efinity/debug_top.v 4288) expression size 4 truncated to fit in target size 1 (VERI-1209)
[EFX-0008 VERI-WARNING] (/home/wisdom/2019.3/project/MIPIDebug1.6/Efinity/debug_top.v 4291) expression size 4 truncated to fit in target size 1 (VERI-1209)
[EFX-0008 VERI-WARNING] (/home/wisdom/2019.3/project/MIPIDebug1.6/Efinity/debug_top.v 4282) expression size 8 truncated to fit in target size 1 (VERI-1209)
[EFX-0008 VERI-WARNING] (/home/wisdom/2019.3/project/MIPIDebug1.6/Efinity/debug_top.v 4285) expression size 8 truncated to fit in target size 1 (VERI-1209)
[EFX-0008 VERI-WARNING] (/home/wisdom/2019.3/project/MIPIDebug1.6/Efinity/debug_top.v 4288) expression size 8 truncated to fit in target size 1 (VERI-1209)
[EFX-0008 VERI-WARNING] (/home/wisdom/2019.3/project/MIPIDebug1.6/Efinity/debug_top.v 4291) expression size 8 truncated to fit in target size 1 (VERI-1209)
[EFX-0008 VERI-WARNING] (/home/wisdom/2019.3/project/MIPIDebug1.6/Efinity/debug_top.v 4282) expression size 2 truncated to fit in target size 1 (VERI-1209)
[EFX-0008 VERI-WARNING] (/home/wisdom/2019.3/project/MIPIDebug1.6/Efinity/debug_top.v 4285) expression size 2 truncated to fit in target size 1 (VERI-1209)
[EFX-0008 VERI-WARNING] (/home/wisdom/2019.3/project/MIPIDebug1.6/Efinity/debug_top.v 4288) expression size 2 truncated to fit in target size 1 (VERI-1209)
[EFX-0008 VERI-WARNING] (/home/wisdom/2019.3/project/MIPIDebug1.6/Efinity/debug_top.v 4291) expression size 2 truncated to fit in target size 1 (VERI-1209)
[EFX-0008 VERI-WARNING] (/home/wisdom/2019.3/project/MIPIDebug1.6/Efinity/debug_top.v 4282) expression size 6 truncated to fit in target size 1 (VERI-1209)
[EFX-0008 VERI-WARNING] (/home/wisdom/2019.3/project/MIPIDebug1.6/Efinity/debug_top.v 4285) expression size 6 truncated to fit in target size 1 (VERI-1209)
[EFX-0008 VERI-WARNING] (/home/wisdom/2019.3/project/MIPIDebug1.6/Efinity/debug_top.v 4288) expression size 6 truncated to fit in target size 1 (VERI-1209)
[EFX-0008 VERI-WARNING] (/home/wisdom/2019.3/project/MIPIDebug1.6/Efinity/debug_top.v 4291) expression size 6 truncated to fit in target size 1 (VERI-1209)
[EFX-0008 VERI-WARNING] (/home/wisdom/2019.3/project/MIPIDebug1.6/Efinity/debug_top.v 3601) expression size 14 truncated to fit in target size 13 (VERI-1209)
[EFX-0008 VERI-WARNING] (/home/wisdom/2019.3/project/MIPIDebug1.6/Efinity/debug_top.v 3610) expression size 14 truncated to fit in target size 13 (VERI-1209)
[EFX-0008 VERI-WARNING] (/home/wisdom/2019.3/project/MIPIDebug1.6/Efinity/debug_top.v 2723) net 'burst_write' does not have a driver (VDB-1002)
[EFX-0008 VERI-WARNING] (/home/wisdom/2019.3/project/MIPIDebug1.6/Efinity/debug_top.v 2770) net 'register_conn[2][63]' does not have a driver (VDB-1002)
[EFX-0008 VERI-WARNING] (/home/wisdom/2019.3/project/MIPIDebug1.6/Efinity/debug_top.v 496) input port 'probe7[0]' is not connected on this instance (VDB-1013)
[EFX-0266 WARNING] Module Instance 'U1_VSyncLenCalc' input pin tied to constant (LenPerUnit[0]=0).
[EFX-0266 WARNING] Module Instance 'U1_VSyncLenCalc' input pin tied to constant (LenPerUnit[1]=0).
[EFX-0266 WARNING] Module Instance 'U1_VSyncLenCalc' input pin tied to constant (LenPerUnit[2]=0).
[EFX-0266 WARNING] Module Instance 'U1_VSyncLenCalc' input pin tied to constant (LenPerUnit[3]=0).
[EFX-0266 WARNING] Module Instance 'U1_VSyncLenCalc' input pin tied to constant (LenPerUnit[4]=0).
[EFX-0266 WARNING] Module Instance 'U1_VSyncLenCalc' input pin tied to constant (LenPerUnit[5]=0).
[EFX-0266 WARNING] Module Instance 'U1_VSyncLenCalc' input pin tied to constant (LenPerUnit[6]=0).
[EFX-0266 WARNING] Module Instance 'U1_VSyncLenCalc' input pin tied to constant (LenPerUnit[7]=1).
[EFX-0266 WARNING] Module Instance 'U1_VSyncLenCalc' input pin tied to constant (LenPerUnit[8]=0).
[EFX-0266 WARNING] Module Instance 'U1_VSyncLenCalc' input pin tied to constant (LenPerUnit[9]=0).
[EFX-0266 WARNING] Module Instance 'U1_VSyncLenCalc' input pin tied to constant (LenPerUnit[10]=1).
[EFX-0266 WARNING] Module Instance 'U1_VSyncLenCalc' input pin tied to constant (LenPerUnit[11]=0).
[EFX-0266 WARNING] Module Instance 'U1_VSyncLenCalc' input pin tied to constant (LenPerUnit[12]=1).
[EFX-0266 WARNING] Module Instance 'U1_VSyncLenCalc' input pin tied to constant (LenPerUnit[13]=0).
[EFX-0266 WARNING] Module Instance 'U1_VSyncLenCalc' input pin tied to constant (LenPerUnit[14]=0).
[EFX-0266 WARNING] Module Instance 'U1_VSyncLenCalc' input pin tied to constant (LenPerUnit[15]=0).
[EFX-0266 WARNING] Module Instance 'U1_VSyncLenCalc' input pin tied to constant (LenPerUnit[16]=1).
[EFX-0266 WARNING] Module Instance 'U1_VSyncLenCalc' input pin tied to constant (LenPerUnit[17]=1).
[EFX-0266 WARNING] Module Instance 'U1_VSyncLenCalc' input pin tied to constant (LenPerUnit[18]=1).
[EFX-0266 WARNING] Module Instance 'U1_VSyncLenCalc' input pin tied to constant (LenPerUnit[19]=1).
[EFX-0266 WARNING] Module Instance 'U1_VSyncLenCalc' input pin tied to constant (LenPerUnit[20]=0).
[EFX-0266 WARNING] Module Instance 'U1_VSyncLenCalc' input pin tied to constant (LenPerUnit[21]=1).
[EFX-0266 WARNING] Module Instance 'U1_VSyncLenCalc' input pin tied to constant (LenPerUnit[22]=1).
[EFX-0266 WARNING] Module Instance 'U1_VSyncLenCalc' input pin tied to constant (LenPerUnit[23]=1).
[EFX-0266 WARNING] Module Instance 'U1_VSyncLenCalc' input pin tied to constant (LenPerUnit[24]=1).
[EFX-0266 WARNING] Module Instance 'U1_VSyncLenCalc' input pin tied to constant (LenPerUnit[25]=1).
[EFX-0266 WARNING] Module Instance 'U1_VSyncLenCalc' input pin tied to constant (LenPerUnit[26]=0).
[EFX-0266 WARNING] Module Instance 'U1_VSyncLenCalc' input pin tied to constant (LenPerUnit[27]=0).
[EFX-0200 WARNING] (/home/wisdom/2019.3/project/MIPIDebug1.6/Efinity/../Source/MipiRxProcess.v 59) Removing unconnected net : Reset_N
[EFX-0266 WARNING] Module Instance 'gen_probe_in_sync[0].sync_probe_in_U' input pin tied to constant (RSTA=0).
[EFX-0266 WARNING] Module Instance 'gen_probe_in_sync[0].sync_probe_in_U' input pin tied to constant (RSTB=0).
[EFX-0266 WARNING] Module Instance 'gen_probe_in_sync[0].sync_probe_in_U' input pin tied to constant (ENB=1).
[EFX-0266 WARNING] Module Instance 'gen_probe_in_sync[1].sync_probe_in_U' input pin tied to constant (RSTA=0).
[EFX-0266 WARNING] Module Instance 'gen_probe_in_sync[1].sync_probe_in_U' input pin tied to constant (RSTB=0).
[EFX-0266 WARNING] Module Instance 'gen_probe_in_sync[1].sync_probe_in_U' input pin tied to constant (ENB=1).
[EFX-0266 WARNING] Module Instance 'gen_probe_in_sync[2].sync_probe_in_U' input pin tied to constant (RSTA=0).
[EFX-0266 WARNING] Module Instance 'gen_probe_in_sync[2].sync_probe_in_U' input pin tied to constant (RSTB=0).
[EFX-0266 WARNING] Module Instance 'gen_probe_in_sync[2].sync_probe_in_U' input pin tied to constant (ENB=1).
[EFX-0266 WARNING] Module Instance 'gen_probe_in_sync[3].sync_probe_in_U' input pin tied to constant (RSTA=0).
[EFX-0266 WARNING] Module Instance 'gen_probe_in_sync[3].sync_probe_in_U' input pin tied to constant (RSTB=0).
[EFX-0266 WARNING] Module Instance 'gen_probe_in_sync[3].sync_probe_in_U' input pin tied to constant (ENB=1).
[EFX-0266 WARNING] Module Instance 'gen_probe_in_sync[4].sync_probe_in_U' input pin tied to constant (RSTA=0).
[EFX-0266 WARNING] Module Instance 'gen_probe_in_sync[4].sync_probe_in_U' input pin tied to constant (RSTB=0).
[EFX-0266 WARNING] Module Instance 'gen_probe_in_sync[4].sync_probe_in_U' input pin tied to constant (ENB=1).
[EFX-0266 WARNING] Module Instance 'gen_probe_in_sync[5].sync_probe_in_U' input pin tied to constant (RSTA=0).
[EFX-0266 WARNING] Module Instance 'gen_probe_in_sync[5].sync_probe_in_U' input pin tied to constant (RSTB=0).
[EFX-0266 WARNING] Module Instance 'gen_probe_in_sync[5].sync_probe_in_U' input pin tied to constant (ENB=1).
[EFX-0266 WARNING] Module Instance 'gen_probe_in_sync[6].sync_probe_in_U' input pin tied to constant (RSTA=0).
[EFX-0266 WARNING] Module Instance 'gen_probe_in_sync[6].sync_probe_in_U' input pin tied to constant (RSTB=0).
[EFX-0266 WARNING] Module Instance 'gen_probe_in_sync[6].sync_probe_in_U' input pin tied to constant (ENB=1).
[EFX-0266 WARNING] Module Instance 'gen_probe_in_sync[7].sync_probe_in_U' input pin tied to constant (RSTA=0).
[EFX-0266 WARNING] Module Instance 'gen_probe_in_sync[7].sync_probe_in_U' input pin tied to constant (RSTB=0).
[EFX-0266 WARNING] Module Instance 'gen_probe_in_sync[7].sync_probe_in_U' input pin tied to constant (ENB=1).
[EFX-0266 WARNING] Module Instance 'gen_probe_in_sync[8].sync_probe_in_U' input pin tied to constant (RSTA=0).
[EFX-0266 WARNING] Module Instance 'gen_probe_in_sync[8].sync_probe_in_U' input pin tied to constant (RSTB=0).
[EFX-0266 WARNING] Module Instance 'gen_probe_in_sync[8].sync_probe_in_U' input pin tied to constant (ENB=1).
[EFX-0266 WARNING] Module Instance 'gen_probe_in_sync[9].sync_probe_in_U' input pin tied to constant (RSTA=0).
[EFX-0266 WARNING] Module Instance 'gen_probe_in_sync[9].sync_probe_in_U' input pin tied to constant (RSTB=0).
[EFX-0266 WARNING] Module Instance 'gen_probe_in_sync[9].sync_probe_in_U' input pin tied to constant (ENB=1).
[EFX-0266 WARNING] Module Instance 'gen_probe_in_sync[10].sync_probe_in_U' input pin tied to constant (RSTA=0).
[EFX-0266 WARNING] Module Instance 'gen_probe_in_sync[10].sync_probe_in_U' input pin tied to constant (RSTB=0).
[EFX-0266 WARNING] Module Instance 'gen_probe_in_sync[10].sync_probe_in_U' input pin tied to constant (ENB=1).
[EFX-0266 WARNING] Module Instance 'gen_probe_in_sync[11].sync_probe_in_U' input pin tied to constant (RSTA=0).
[EFX-0266 WARNING] Module Instance 'gen_probe_in_sync[11].sync_probe_in_U' input pin tied to constant (RSTB=0).
[EFX-0266 WARNING] Module Instance 'gen_probe_in_sync[11].sync_probe_in_U' input pin tied to constant (ENB=1).
[EFX-0266 WARNING] Module Instance 'gen_probe_in_sync[12].sync_probe_in_U' input pin tied to constant (RSTA=0).
[EFX-0266 WARNING] Module Instance 'gen_probe_in_sync[12].sync_probe_in_U' input pin tied to constant (RSTB=0).
[EFX-0266 WARNING] Module Instance 'gen_probe_in_sync[12].sync_probe_in_U' input pin tied to constant (ENB=1).
[EFX-0266 WARNING] Module Instance 'gen_probe_in_sync[13].sync_probe_in_U' input pin tied to constant (RSTA=0).
[EFX-0266 WARNING] Module Instance 'gen_probe_in_sync[13].sync_probe_in_U' input pin tied to constant (RSTB=0).
[EFX-0266 WARNING] Module Instance 'gen_probe_in_sync[13].sync_probe_in_U' input pin tied to constant (ENB=1).
[EFX-0266 WARNING] Module Instance 'gen_probe_in_sync[14].sync_probe_in_U' input pin tied to constant (RSTA=0).
[EFX-0266 WARNING] Module Instance 'gen_probe_in_sync[14].sync_probe_in_U' input pin tied to constant (RSTB=0).
[EFX-0266 WARNING] Module Instance 'gen_probe_in_sync[14].sync_probe_in_U' input pin tied to constant (ENB=1).
[EFX-0266 WARNING] Module Instance 'gen_probe_in_sync[15].sync_probe_in_U' input pin tied to constant (RSTA=0).
[EFX-0266 WARNING] Module Instance 'gen_probe_in_sync[15].sync_probe_in_U' input pin tied to constant (RSTB=0).
[EFX-0266 WARNING] Module Instance 'gen_probe_in_sync[15].sync_probe_in_U' input pin tied to constant (ENB=1).
[EFX-0266 WARNING] Module Instance 'gen_probe_in_sync[16].sync_probe_in_U' input pin tied to constant (RSTA=0).
[EFX-0266 WARNING] Module Instance 'gen_probe_in_sync[16].sync_probe_in_U' input pin tied to constant (RSTB=0).
[EFX-0266 WARNING] Module Instance 'gen_probe_in_sync[16].sync_probe_in_U' input pin tied to constant (ENB=1).
[EFX-0266 WARNING] Module Instance 'gen_probe_in_sync[17].sync_probe_in_U' input pin tied to constant (RSTA=0).
[EFX-0266 WARNING] Module Instance 'gen_probe_in_sync[17].sync_probe_in_U' input pin tied to constant (RSTB=0).
[EFX-0266 WARNING] Module Instance 'gen_probe_in_sync[17].sync_probe_in_U' input pin tied to constant (ENB=1).
[EFX-0266 WARNING] Module Instance 'gen_probe_in_sync[18].sync_probe_in_U' input pin tied to constant (RSTA=0).
[EFX-0266 WARNING] Module Instance 'gen_probe_in_sync[18].sync_probe_in_U' input pin tied to constant (RSTB=0).
[EFX-0266 WARNING] Module Instance 'gen_probe_in_sync[18].sync_probe_in_U' input pin tied to constant (ENB=1).
[EFX-0266 WARNING] Module Instance 'gen_probe_in_sync[19].sync_probe_in_U' input pin tied to constant (RSTA=0).
[EFX-0266 WARNING] Module Instance 'gen_probe_in_sync[19].sync_probe_in_U' input pin tied to constant (RSTB=0).
[EFX-0266 WARNING] Module Instance 'gen_probe_in_sync[19].sync_probe_in_U' input pin tied to constant (ENB=1).
[EFX-0266 WARNING] Module Instance 'gen_probe_in_sync[20].sync_probe_in_U' input pin tied to constant (RSTA=0).
[EFX-0266 WARNING] Module Instance 'gen_probe_in_sync[20].sync_probe_in_U' input pin tied to constant (RSTB=0).
[EFX-0266 WARNING] Module Instance 'gen_probe_in_sync[20].sync_probe_in_U' input pin tied to constant (ENB=1).
[EFX-0266 WARNING] Module Instance 'gen_probe_in_sync[21].sync_probe_in_U' input pin tied to constant (RSTA=0).
[EFX-0266 WARNING] Module Instance 'gen_probe_in_sync[21].sync_probe_in_U' input pin tied to constant (RSTB=0).
[EFX-0266 WARNING] Module Instance 'gen_probe_in_sync[21].sync_probe_in_U' input pin tied to constant (ENB=1).
[EFX-0266 WARNING] Module Instance 'gen_probe_in_sync[22].sync_probe_in_U' input pin tied to constant (RSTA=0).
[EFX-0266 WARNING] Module Instance 'gen_probe_in_sync[22].sync_probe_in_U' input pin tied to constant (RSTB=0).
[EFX-0266 WARNING] Module Instance 'gen_probe_in_sync[22].sync_probe_in_U' input pin tied to constant (ENB=1).
[EFX-0266 WARNING] Module Instance 'gen_probe_in_sync[23].sync_probe_in_U' input pin tied to constant (RSTA=0).
[EFX-0266 WARNING] Module Instance 'gen_probe_in_sync[23].sync_probe_in_U' input pin tied to constant (RSTB=0).
[EFX-0266 WARNING] Module Instance 'gen_probe_in_sync[23].sync_probe_in_U' input pin tied to constant (ENB=1).
[EFX-0266 WARNING] Module Instance 'gen_probe_in_sync[24].sync_probe_in_U' input pin tied to constant (RSTA=0).
[EFX-0266 WARNING] Module Instance 'gen_probe_in_sync[24].sync_probe_in_U' input pin tied to constant (RSTB=0).
[EFX-0266 WARNING] Module Instance 'gen_probe_in_sync[24].sync_probe_in_U' input pin tied to constant (ENB=1).
[EFX-0266 WARNING] Module Instance 'gen_probe_in_sync[25].sync_probe_in_U' input pin tied to constant (RSTA=0).
[EFX-0266 WARNING] Module Instance 'gen_probe_in_sync[25].sync_probe_in_U' input pin tied to constant (RSTB=0).
[EFX-0266 WARNING] Module Instance 'gen_probe_in_sync[25].sync_probe_in_U' input pin tied to constant (ENB=1).
[EFX-0266 WARNING] Module Instance 'gen_probe_in_sync[26].sync_probe_in_U' input pin tied to constant (RSTA=0).
[EFX-0266 WARNING] Module Instance 'gen_probe_in_sync[26].sync_probe_in_U' input pin tied to constant (RSTB=0).
[EFX-0266 WARNING] Module Instance 'gen_probe_in_sync[26].sync_probe_in_U' input pin tied to constant (ENB=1).
[EFX-0266 WARNING] Module Instance 'gen_probe_in_sync[27].sync_probe_in_U' input pin tied to constant (RSTA=0).
[EFX-0266 WARNING] Module Instance 'gen_probe_in_sync[27].sync_probe_in_U' input pin tied to constant (RSTB=0).
[EFX-0266 WARNING] Module Instance 'gen_probe_in_sync[27].sync_probe_in_U' input pin tied to constant (ENB=1).
[EFX-0266 WARNING] Module Instance 'gen_probe_in_sync[28].sync_probe_in_U' input pin tied to constant (RSTA=0).
[EFX-0266 WARNING] Module Instance 'gen_probe_in_sync[28].sync_probe_in_U' input pin tied to constant (RSTB=0).
[EFX-0266 WARNING] Module Instance 'gen_probe_in_sync[28].sync_probe_in_U' input pin tied to constant (ENB=1).
[EFX-0266 WARNING] Module Instance 'gen_probe_in_sync[29].sync_probe_in_U' input pin tied to constant (RSTA=0).
[EFX-0266 WARNING] Module Instance 'gen_probe_in_sync[29].sync_probe_in_U' input pin tied to constant (RSTB=0).
[EFX-0266 WARNING] Module Instance 'gen_probe_in_sync[29].sync_probe_in_U' input pin tied to constant (ENB=1).
[EFX-0266 WARNING] Module Instance 'gen_probe_in_sync[30].sync_probe_in_U' input pin tied to constant (RSTA=0).
[EFX-0266 WARNING] Module Instance 'gen_probe_in_sync[30].sync_probe_in_U' input pin tied to constant (RSTB=0).
[EFX-0266 WARNING] Module Instance 'gen_probe_in_sync[30].sync_probe_in_U' input pin tied to constant (ENB=1).
[EFX-0266 WARNING] Module Instance 'gen_probe_in_sync[31].sync_probe_in_U' input pin tied to constant (RSTA=0).
[EFX-0266 WARNING] Module Instance 'gen_probe_in_sync[31].sync_probe_in_U' input pin tied to constant (RSTB=0).
[EFX-0266 WARNING] Module Instance 'gen_probe_in_sync[31].sync_probe_in_U' input pin tied to constant (ENB=1).
[EFX-0266 WARNING] Module Instance 'gen_probe_in_sync[32].sync_probe_in_U' input pin tied to constant (RSTA=0).
[EFX-0266 WARNING] Module Instance 'gen_probe_in_sync[32].sync_probe_in_U' input pin tied to constant (RSTB=0).
[EFX-0266 WARNING] Module Instance 'gen_probe_in_sync[32].sync_probe_in_U' input pin tied to constant (ENB=1).
[EFX-0266 WARNING] Module Instance 'gen_probe_in_sync[33].sync_probe_in_U' input pin tied to constant (RSTA=0).
[EFX-0266 WARNING] Module Instance 'gen_probe_in_sync[33].sync_probe_in_U' input pin tied to constant (RSTB=0).
[EFX-0266 WARNING] Module Instance 'gen_probe_in_sync[33].sync_probe_in_U' input pin tied to constant (ENB=1).
[EFX-0266 WARNING] Module Instance 'gen_probe_in_sync[34].sync_probe_in_U' input pin tied to constant (RSTA=0).
[EFX-0266 WARNING] Module Instance 'gen_probe_in_sync[34].sync_probe_in_U' input pin tied to constant (RSTB=0).
[EFX-0266 WARNING] Module Instance 'gen_probe_in_sync[34].sync_probe_in_U' input pin tied to constant (ENB=1).
[EFX-0266 WARNING] Module Instance 'gen_probe_in_sync[35].sync_probe_in_U' input pin tied to constant (RSTA=0).
[EFX-0266 WARNING] Module Instance 'gen_probe_in_sync[35].sync_probe_in_U' input pin tied to constant (RSTB=0).
[EFX-0266 WARNING] Module Instance 'gen_probe_in_sync[35].sync_probe_in_U' input pin tied to constant (ENB=1).
[EFX-0266 WARNING] Module Instance 'gen_probe_in_sync[36].sync_probe_in_U' input pin tied to constant (RSTA=0).
[EFX-0266 WARNING] Module Instance 'gen_probe_in_sync[36].sync_probe_in_U' input pin tied to constant (RSTB=0).
[EFX-0266 WARNING] Module Instance 'gen_probe_in_sync[36].sync_probe_in_U' input pin tied to constant (ENB=1).
[EFX-0266 WARNING] Module Instance 'gen_probe_in_sync[37].sync_probe_in_U' input pin tied to constant (RSTA=0).
[EFX-0266 WARNING] Module Instance 'gen_probe_in_sync[37].sync_probe_in_U' input pin tied to constant (RSTB=0).
[EFX-0266 WARNING] Module Instance 'gen_probe_in_sync[37].sync_probe_in_U' input pin tied to constant (ENB=1).
[EFX-0266 WARNING] Module Instance 'gen_probe_in_sync[38].sync_probe_in_U' input pin tied to constant (RSTA=0).
[EFX-0266 WARNING] Module Instance 'gen_probe_in_sync[38].sync_probe_in_U' input pin tied to constant (RSTB=0).
[EFX-0266 WARNING] Module Instance 'gen_probe_in_sync[38].sync_probe_in_U' input pin tied to constant (ENB=1).
[EFX-0266 WARNING] Module Instance 'gen_probe_in_sync[39].sync_probe_in_U' input pin tied to constant (RSTA=0).
[EFX-0266 WARNING] Module Instance 'gen_probe_in_sync[39].sync_probe_in_U' input pin tied to constant (RSTB=0).
[EFX-0266 WARNING] Module Instance 'gen_probe_in_sync[39].sync_probe_in_U' input pin tied to constant (ENB=1).
[EFX-0266 WARNING] Module Instance 'gen_probe_in_sync[40].sync_probe_in_U' input pin tied to constant (RSTA=0).
[EFX-0266 WARNING] Module Instance 'gen_probe_in_sync[40].sync_probe_in_U' input pin tied to constant (RSTB=0).
[EFX-0266 WARNING] Module Instance 'gen_probe_in_sync[40].sync_probe_in_U' input pin tied to constant (ENB=1).
[EFX-0266 WARNING] Module Instance 'gen_probe_in_sync[41].sync_probe_in_U' input pin tied to constant (RSTA=0).
[EFX-0266 WARNING] Module Instance 'gen_probe_in_sync[41].sync_probe_in_U' input pin tied to constant (RSTB=0).
[EFX-0266 WARNING] Module Instance 'gen_probe_in_sync[41].sync_probe_in_U' input pin tied to constant (ENB=1).
[EFX-0266 WARNING] Module Instance 'gen_probe_in_sync[42].sync_probe_in_U' input pin tied to constant (RSTA=0).
[EFX-0266 WARNING] Module Instance 'gen_probe_in_sync[42].sync_probe_in_U' input pin tied to constant (RSTB=0).
[EFX-0266 WARNING] Module Instance 'gen_probe_in_sync[42].sync_probe_in_U' input pin tied to constant (ENB=1).
[EFX-0266 WARNING] Module Instance 'gen_probe_in_sync[43].sync_probe_in_U' input pin tied to constant (RSTA=0).
[EFX-0266 WARNING] Module Instance 'gen_probe_in_sync[43].sync_probe_in_U' input pin tied to constant (RSTB=0).
[EFX-0266 WARNING] Module Instance 'gen_probe_in_sync[43].sync_probe_in_U' input pin tied to constant (ENB=1).
[EFX-0266 WARNING] Module Instance 'gen_probe_in_sync[44].sync_probe_in_U' input pin tied to constant (RSTA=0).
[EFX-0266 WARNING] Module Instance 'gen_probe_in_sync[44].sync_probe_in_U' input pin tied to constant (RSTB=0).
[EFX-0266 WARNING] Module Instance 'gen_probe_in_sync[44].sync_probe_in_U' input pin tied to constant (ENB=1).
[EFX-0266 WARNING] Module Instance 'gen_probe_in_sync[45].sync_probe_in_U' input pin tied to constant (RSTA=0).
[EFX-0266 WARNING] Module Instance 'gen_probe_in_sync[45].sync_probe_in_U' input pin tied to constant (RSTB=0).
[EFX-0266 WARNING] Module Instance 'gen_probe_in_sync[45].sync_probe_in_U' input pin tied to constant (ENB=1).
[EFX-0266 WARNING] Module Instance 'gen_probe_in_sync[46].sync_probe_in_U' input pin tied to constant (RSTA=0).
[EFX-0266 WARNING] Module Instance 'gen_probe_in_sync[46].sync_probe_in_U' input pin tied to constant (RSTB=0).
[EFX-0266 WARNING] Module Instance 'gen_probe_in_sync[46].sync_probe_in_U' input pin tied to constant (ENB=1).
[EFX-0266 WARNING] Module Instance 'gen_probe_in_sync[47].sync_probe_in_U' input pin tied to constant (RSTA=0).
[EFX-0266 WARNING] Module Instance 'gen_probe_in_sync[47].sync_probe_in_U' input pin tied to constant (RSTB=0).
[EFX-0266 WARNING] Module Instance 'gen_probe_in_sync[47].sync_probe_in_U' input pin tied to constant (ENB=1).
[EFX-0266 WARNING] Module Instance 'gen_probe_in_sync[48].sync_probe_in_U' input pin tied to constant (RSTA=0).
[EFX-0266 WARNING] Module Instance 'gen_probe_in_sync[48].sync_probe_in_U' input pin tied to constant (RSTB=0).
[EFX-0266 WARNING] Module Instance 'gen_probe_in_sync[48].sync_probe_in_U' input pin tied to constant (ENB=1).
[EFX-0266 WARNING] Module Instance 'gen_probe_in_sync[49].sync_probe_in_U' input pin tied to constant (RSTA=0).
[EFX-0266 WARNING] Module Instance 'gen_probe_in_sync[49].sync_probe_in_U' input pin tied to constant (RSTB=0).
[EFX-0266 WARNING] Module Instance 'gen_probe_in_sync[49].sync_probe_in_U' input pin tied to constant (ENB=1).
[EFX-0266 WARNING] Module Instance 'gen_probe_in_sync[50].sync_probe_in_U' input pin tied to constant (RSTA=0).
[EFX-0266 WARNING] Module Instance 'gen_probe_in_sync[50].sync_probe_in_U' input pin tied to constant (RSTB=0).
[EFX-0266 WARNING] Module Instance 'gen_probe_in_sync[50].sync_probe_in_U' input pin tied to constant (ENB=1).
[EFX-0266 WARNING] Module Instance 'gen_probe_in_sync[51].sync_probe_in_U' input pin tied to constant (RSTA=0).
[EFX-0266 WARNING] Module Instance 'gen_probe_in_sync[51].sync_probe_in_U' input pin tied to constant (RSTB=0).
[EFX-0266 WARNING] Module Instance 'gen_probe_in_sync[51].sync_probe_in_U' input pin tied to constant (ENB=1).
[EFX-0266 WARNING] Module Instance 'gen_probe_in_sync[52].sync_probe_in_U' input pin tied to constant (RSTA=0).
[EFX-0266 WARNING] Module Instance 'gen_probe_in_sync[52].sync_probe_in_U' input pin tied to constant (RSTB=0).
[EFX-0266 WARNING] Module Instance 'gen_probe_in_sync[52].sync_probe_in_U' input pin tied to constant (ENB=1).
[EFX-0266 WARNING] Module Instance 'gen_probe_in_sync[53].sync_probe_in_U' input pin tied to constant (RSTA=0).
[EFX-0266 WARNING] Module Instance 'gen_probe_in_sync[53].sync_probe_in_U' input pin tied to constant (RSTB=0).
[EFX-0266 WARNING] Module Instance 'gen_probe_in_sync[53].sync_probe_in_U' input pin tied to constant (ENB=1).
[EFX-0266 WARNING] Module Instance 'gen_probe_in_sync[54].sync_probe_in_U' input pin tied to constant (RSTA=0).
[EFX-0266 WARNING] Module Instance 'gen_probe_in_sync[54].sync_probe_in_U' input pin tied to constant (RSTB=0).
[EFX-0266 WARNING] Module Instance 'gen_probe_in_sync[54].sync_probe_in_U' input pin tied to constant (ENB=1).
[EFX-0266 WARNING] Module Instance 'gen_probe_in_sync[55].sync_probe_in_U' input pin tied to constant (RSTA=0).
[EFX-0266 WARNING] Module Instance 'gen_probe_in_sync[55].sync_probe_in_U' input pin tied to constant (RSTB=0).
[EFX-0266 WARNING] Module Instance 'gen_probe_in_sync[55].sync_probe_in_U' input pin tied to constant (ENB=1).
[EFX-0266 WARNING] Module Instance 'gen_probe_in_sync[56].sync_probe_in_U' input pin tied to constant (RSTA=0).
[EFX-0266 WARNING] Module Instance 'gen_probe_in_sync[56].sync_probe_in_U' input pin tied to constant (RSTB=0).
[EFX-0266 WARNING] Module Instance 'gen_probe_in_sync[56].sync_probe_in_U' input pin tied to constant (ENB=1).
[EFX-0266 WARNING] Module Instance 'gen_probe_in_sync[57].sync_probe_in_U' input pin tied to constant (RSTA=0).
[EFX-0266 WARNING] Module Instance 'gen_probe_in_sync[57].sync_probe_in_U' input pin tied to constant (RSTB=0).
[EFX-0266 WARNING] Module Instance 'gen_probe_in_sync[57].sync_probe_in_U' input pin tied to constant (ENB=1).
[EFX-0266 WARNING] Module Instance 'gen_probe_in_sync[58].sync_probe_in_U' input pin tied to constant (RSTA=0).
[EFX-0266 WARNING] Module Instance 'gen_probe_in_sync[58].sync_probe_in_U' input pin tied to constant (RSTB=0).
[EFX-0266 WARNING] Module Instance 'gen_probe_in_sync[58].sync_probe_in_U' input pin tied to constant (ENB=1).
[EFX-0266 WARNING] Module Instance 'gen_probe_in_sync[59].sync_probe_in_U' input pin tied to constant (RSTA=0).
[EFX-0266 WARNING] Module Instance 'gen_probe_in_sync[59].sync_probe_in_U' input pin tied to constant (RSTB=0).
[EFX-0266 WARNING] Module Instance 'gen_probe_in_sync[59].sync_probe_in_U' input pin tied to constant (ENB=1).
[EFX-0266 WARNING] Module Instance 'gen_probe_in_sync[60].sync_probe_in_U' input pin tied to constant (RSTA=0).
[EFX-0266 WARNING] Module Instance 'gen_probe_in_sync[60].sync_probe_in_U' input pin tied to constant (RSTB=0).
[EFX-0266 WARNING] Module Instance 'gen_probe_in_sync[60].sync_probe_in_U' input pin tied to constant (ENB=1).
[EFX-0266 WARNING] Module Instance 'gen_probe_in_sync[61].sync_probe_in_U' input pin tied to constant (RSTA=0).
[EFX-0266 WARNING] Module Instance 'gen_probe_in_sync[61].sync_probe_in_U' input pin tied to constant (RSTB=0).
[EFX-0266 WARNING] Module Instance 'gen_probe_in_sync[61].sync_probe_in_U' input pin tied to constant (ENB=1).
[EFX-0266 WARNING] Module Instance 'gen_probe_in_sync[62].sync_probe_in_U' input pin tied to constant (RSTA=0).
[EFX-0266 WARNING] Module Instance 'gen_probe_in_sync[62].sync_probe_in_U' input pin tied to constant (RSTB=0).
[EFX-0266 WARNING] Module Instance 'gen_probe_in_sync[62].sync_probe_in_U' input pin tied to constant (ENB=1).
[EFX-0266 WARNING] Module Instance 'gen_probe_in_sync[63].sync_probe_in_U' input pin tied to constant (RSTA=0).
[EFX-0266 WARNING] Module Instance 'gen_probe_in_sync[63].sync_probe_in_U' input pin tied to constant (RSTB=0).
[EFX-0266 WARNING] Module Instance 'gen_probe_in_sync[63].sync_probe_in_U' input pin tied to constant (ENB=1).
[EFX-0266 WARNING] Module Instance 'gen_probe_in_sync[64].sync_probe_in_U' input pin tied to constant (RSTA=0).
[EFX-0266 WARNING] Module Instance 'gen_probe_in_sync[64].sync_probe_in_U' input pin tied to constant (RSTB=0).
[EFX-0266 WARNING] Module Instance 'gen_probe_in_sync[64].sync_probe_in_U' input pin tied to constant (ENB=1).
[EFX-0266 WARNING] Module Instance 'gen_probe_in_sync[65].sync_probe_in_U' input pin tied to constant (RSTA=0).
[EFX-0266 WARNING] Module Instance 'gen_probe_in_sync[65].sync_probe_in_U' input pin tied to constant (RSTB=0).
[EFX-0266 WARNING] Module Instance 'gen_probe_in_sync[65].sync_probe_in_U' input pin tied to constant (ENB=1).
[EFX-0266 WARNING] Module Instance 'gen_probe_in_sync[66].sync_probe_in_U' input pin tied to constant (RSTA=0).
[EFX-0266 WARNING] Module Instance 'gen_probe_in_sync[66].sync_probe_in_U' input pin tied to constant (RSTB=0).
[EFX-0266 WARNING] Module Instance 'gen_probe_in_sync[66].sync_probe_in_U' input pin tied to constant (ENB=1).
[EFX-0266 WARNING] Module Instance 'gen_probe_in_sync[67].sync_probe_in_U' input pin tied to constant (RSTA=0).
[EFX-0266 WARNING] Module Instance 'gen_probe_in_sync[67].sync_probe_in_U' input pin tied to constant (RSTB=0).
[EFX-0266 WARNING] Module Instance 'gen_probe_in_sync[67].sync_probe_in_U' input pin tied to constant (ENB=1).
[EFX-0266 WARNING] Module Instance 'gen_probe_in_sync[68].sync_probe_in_U' input pin tied to constant (RSTA=0).
[EFX-0266 WARNING] Module Instance 'gen_probe_in_sync[68].sync_probe_in_U' input pin tied to constant (RSTB=0).
[EFX-0266 WARNING] Module Instance 'gen_probe_in_sync[68].sync_probe_in_U' input pin tied to constant (ENB=1).
[EFX-0266 WARNING] Module Instance 'gen_probe_in_sync[69].sync_probe_in_U' input pin tied to constant (RSTA=0).
[EFX-0266 WARNING] Module Instance 'gen_probe_in_sync[69].sync_probe_in_U' input pin tied to constant (RSTB=0).
[EFX-0266 WARNING] Module Instance 'gen_probe_in_sync[69].sync_probe_in_U' input pin tied to constant (ENB=1).
[EFX-0266 WARNING] Module Instance 'gen_probe_in_sync[70].sync_probe_in_U' input pin tied to constant (RSTA=0).
[EFX-0266 WARNING] Module Instance 'gen_probe_in_sync[70].sync_probe_in_U' input pin tied to constant (RSTB=0).
[EFX-0266 WARNING] Module Instance 'gen_probe_in_sync[70].sync_probe_in_U' input pin tied to constant (ENB=1).
[EFX-0266 WARNING] Module Instance 'gen_probe_in_sync[71].sync_probe_in_U' input pin tied to constant (RSTA=0).
[EFX-0266 WARNING] Module Instance 'gen_probe_in_sync[71].sync_probe_in_U' input pin tied to constant (RSTB=0).
[EFX-0266 WARNING] Module Instance 'gen_probe_in_sync[71].sync_probe_in_U' input pin tied to constant (ENB=1).
[EFX-0266 WARNING] Module Instance 'gen_probe_in_sync[72].sync_probe_in_U' input pin tied to constant (RSTA=0).
[EFX-0266 WARNING] Module Instance 'gen_probe_in_sync[72].sync_probe_in_U' input pin tied to constant (RSTB=0).
[EFX-0266 WARNING] Module Instance 'gen_probe_in_sync[72].sync_probe_in_U' input pin tied to constant (ENB=1).
[EFX-0266 WARNING] Module Instance 'gen_probe_in_sync[73].sync_probe_in_U' input pin tied to constant (RSTA=0).
[EFX-0266 WARNING] Module Instance 'gen_probe_in_sync[73].sync_probe_in_U' input pin tied to constant (RSTB=0).
[EFX-0266 WARNING] Module Instance 'gen_probe_in_sync[73].sync_probe_in_U' input pin tied to constant (ENB=1).
[EFX-0266 WARNING] Module Instance 'gen_probe_in_sync[74].sync_probe_in_U' input pin tied to constant (RSTA=0).
[EFX-0266 WARNING] Module Instance 'gen_probe_in_sync[74].sync_probe_in_U' input pin tied to constant (RSTB=0).
[EFX-0266 WARNING] Module Instance 'gen_probe_in_sync[74].sync_probe_in_U' input pin tied to constant (ENB=1).
[EFX-0266 WARNING] Module Instance 'gen_probe_in_sync[75].sync_probe_in_U' input pin tied to constant (RSTA=0).
[EFX-0266 WARNING] Module Instance 'gen_probe_in_sync[75].sync_probe_in_U' input pin tied to constant (RSTB=0).
[EFX-0266 WARNING] Module Instance 'gen_probe_in_sync[75].sync_probe_in_U' input pin tied to constant (ENB=1).
[EFX-0266 WARNING] Module Instance 'gen_probe_in_sync[76].sync_probe_in_U' input pin tied to constant (RSTA=0).
[EFX-0266 WARNING] Module Instance 'gen_probe_in_sync[76].sync_probe_in_U' input pin tied to constant (RSTB=0).
[EFX-0266 WARNING] Module Instance 'gen_probe_in_sync[76].sync_probe_in_U' input pin tied to constant (ENB=1).
[EFX-0266 WARNING] Module Instance 'gen_probe_in_sync[77].sync_probe_in_U' input pin tied to constant (RSTA=0).
[EFX-0266 WARNING] Module Instance 'gen_probe_in_sync[77].sync_probe_in_U' input pin tied to constant (RSTB=0).
[EFX-0266 WARNING] Module Instance 'gen_probe_in_sync[77].sync_probe_in_U' input pin tied to constant (ENB=1).
[EFX-0266 WARNING] Module Instance 'gen_probe_in_sync[78].sync_probe_in_U' input pin tied to constant (RSTA=0).
[EFX-0266 WARNING] Module Instance 'gen_probe_in_sync[78].sync_probe_in_U' input pin tied to constant (RSTB=0).
[EFX-0266 WARNING] Module Instance 'gen_probe_in_sync[78].sync_probe_in_U' input pin tied to constant (ENB=1).
[EFX-0266 WARNING] Module Instance 'gen_probe_in_sync[79].sync_probe_in_U' input pin tied to constant (RSTA=0).
[EFX-0266 WARNING] Module Instance 'gen_probe_in_sync[79].sync_probe_in_U' input pin tied to constant (RSTB=0).
[EFX-0266 WARNING] Module Instance 'gen_probe_in_sync[79].sync_probe_in_U' input pin tied to constant (ENB=1).
[EFX-0266 WARNING] Module Instance 'gen_probe_in_sync[80].sync_probe_in_U' input pin tied to constant (RSTA=0).
[EFX-0266 WARNING] Module Instance 'gen_probe_in_sync[80].sync_probe_in_U' input pin tied to constant (RSTB=0).
[EFX-0266 WARNING] Module Instance 'gen_probe_in_sync[80].sync_probe_in_U' input pin tied to constant (ENB=1).
[EFX-0266 WARNING] Module Instance 'gen_probe_in_sync[81].sync_probe_in_U' input pin tied to constant (RSTA=0).
[EFX-0266 WARNING] Module Instance 'gen_probe_in_sync[81].sync_probe_in_U' input pin tied to constant (RSTB=0).
[EFX-0266 WARNING] Module Instance 'gen_probe_in_sync[81].sync_probe_in_U' input pin tied to constant (ENB=1).
[EFX-0266 WARNING] Module Instance 'gen_probe_in_sync[82].sync_probe_in_U' input pin tied to constant (RSTA=0).
[EFX-0266 WARNING] Module Instance 'gen_probe_in_sync[82].sync_probe_in_U' input pin tied to constant (RSTB=0).
[EFX-0266 WARNING] Module Instance 'gen_probe_in_sync[82].sync_probe_in_U' input pin tied to constant (ENB=1).
[EFX-0266 WARNING] Module Instance 'gen_probe_in_sync[83].sync_probe_in_U' input pin tied to constant (RSTA=0).
[EFX-0266 WARNING] Module Instance 'gen_probe_in_sync[83].sync_probe_in_U' input pin tied to constant (RSTB=0).
[EFX-0266 WARNING] Module Instance 'gen_probe_in_sync[83].sync_probe_in_U' input pin tied to constant (ENB=1).
[EFX-0266 WARNING] Module Instance 'gen_probe_in_sync[84].sync_probe_in_U' input pin tied to constant (RSTA=0).
[EFX-0266 WARNING] Module Instance 'gen_probe_in_sync[84].sync_probe_in_U' input pin tied to constant (RSTB=0).
[EFX-0266 WARNING] Module Instance 'gen_probe_in_sync[84].sync_probe_in_U' input pin tied to constant (ENB=1).
[EFX-0266 WARNING] Module Instance 'gen_probe_in_sync[85].sync_probe_in_U' input pin tied to constant (RSTA=0).
[EFX-0266 WARNING] Module Instance 'gen_probe_in_sync[85].sync_probe_in_U' input pin tied to constant (RSTB=0).
[EFX-0266 WARNING] Module Instance 'gen_probe_in_sync[85].sync_probe_in_U' input pin tied to constant (ENB=1).
[EFX-0266 WARNING] Module Instance 'gen_probe_in_sync[86].sync_probe_in_U' input pin tied to constant (RSTA=0).
[EFX-0266 WARNING] Module Instance 'gen_probe_in_sync[86].sync_probe_in_U' input pin tied to constant (RSTB=0).
[EFX-0266 WARNING] Module Instance 'gen_probe_in_sync[86].sync_probe_in_U' input pin tied to constant (ENB=1).
[EFX-0266 WARNING] Module Instance 'gen_probe_in_sync[87].sync_probe_in_U' input pin tied to constant (RSTA=0).
[EFX-0266 WARNING] Module Instance 'gen_probe_in_sync[87].sync_probe_in_U' input pin tied to constant (RSTB=0).
[EFX-0266 WARNING] Module Instance 'gen_probe_in_sync[87].sync_probe_in_U' input pin tied to constant (ENB=1).
[EFX-0266 WARNING] Module Instance 'gen_probe_in_sync[88].sync_probe_in_U' input pin tied to constant (RSTA=0).
[EFX-0266 WARNING] Module Instance 'gen_probe_in_sync[88].sync_probe_in_U' input pin tied to constant (RSTB=0).
[EFX-0266 WARNING] Module Instance 'gen_probe_in_sync[88].sync_probe_in_U' input pin tied to constant (ENB=1).
[EFX-0266 WARNING] Module Instance 'gen_probe_in_sync[89].sync_probe_in_U' input pin tied to constant (RSTA=0).
[EFX-0266 WARNING] Module Instance 'gen_probe_in_sync[89].sync_probe_in_U' input pin tied to constant (RSTB=0).
[EFX-0266 WARNING] Module Instance 'gen_probe_in_sync[89].sync_probe_in_U' input pin tied to constant (ENB=1).
[EFX-0266 WARNING] Module Instance 'gen_probe_in_sync[90].sync_probe_in_U' input pin tied to constant (RSTA=0).
[EFX-0266 WARNING] Module Instance 'gen_probe_in_sync[90].sync_probe_in_U' input pin tied to constant (RSTB=0).
[EFX-0266 WARNING] Module Instance 'gen_probe_in_sync[90].sync_probe_in_U' input pin tied to constant (ENB=1).
[EFX-0266 WARNING] Module Instance 'gen_probe_in_sync[91].sync_probe_in_U' input pin tied to constant (RSTA=0).
[EFX-0266 WARNING] Module Instance 'gen_probe_in_sync[91].sync_probe_in_U' input pin tied to constant (RSTB=0).
[EFX-0266 WARNING] Module Instance 'gen_probe_in_sync[91].sync_probe_in_U' input pin tied to constant (ENB=1).
[EFX-0266 WARNING] Module Instance 'gen_probe_in_sync[92].sync_probe_in_U' input pin tied to constant (RSTA=0).
[EFX-0266 WARNING] Module Instance 'gen_probe_in_sync[92].sync_probe_in_U' input pin tied to constant (RSTB=0).
[EFX-0266 WARNING] Module Instance 'gen_probe_in_sync[92].sync_probe_in_U' input pin tied to constant (ENB=1).
[EFX-0266 WARNING] Module Instance 'gen_probe_in_sync[93].sync_probe_in_U' input pin tied to constant (RSTA=0).
[EFX-0266 WARNING] Module Instance 'gen_probe_in_sync[93].sync_probe_in_U' input pin tied to constant (RSTB=0).
[EFX-0266 WARNING] Module Instance 'gen_probe_in_sync[93].sync_probe_in_U' input pin tied to constant (ENB=1).
[EFX-0266 WARNING] Module Instance 'gen_probe_in_sync[94].sync_probe_in_U' input pin tied to constant (RSTA=0).
[EFX-0266 WARNING] Module Instance 'gen_probe_in_sync[94].sync_probe_in_U' input pin tied to constant (RSTB=0).
[EFX-0266 WARNING] Module Instance 'gen_probe_in_sync[94].sync_probe_in_U' input pin tied to constant (ENB=1).
[EFX-0266 WARNING] Module Instance 'gen_probe_in_sync[95].sync_probe_in_U' input pin tied to constant (RSTA=0).
[EFX-0266 WARNING] Module Instance 'gen_probe_in_sync[95].sync_probe_in_U' input pin tied to constant (RSTB=0).
[EFX-0266 WARNING] Module Instance 'gen_probe_in_sync[95].sync_probe_in_U' input pin tied to constant (ENB=1).
[EFX-0266 WARNING] Module Instance 'gen_probe_in_sync[96].sync_probe_in_U' input pin tied to constant (RSTA=0).
[EFX-0266 WARNING] Module Instance 'gen_probe_in_sync[96].sync_probe_in_U' input pin tied to constant (RSTB=0).
[EFX-0266 WARNING] Module Instance 'gen_probe_in_sync[96].sync_probe_in_U' input pin tied to constant (ENB=1).
[EFX-0266 WARNING] Module Instance 'gen_probe_in_sync[97].sync_probe_in_U' input pin tied to constant (RSTA=0).
[EFX-0266 WARNING] Module Instance 'gen_probe_in_sync[97].sync_probe_in_U' input pin tied to constant (RSTB=0).
[EFX-0266 WARNING] Module Instance 'gen_probe_in_sync[97].sync_probe_in_U' input pin tied to constant (ENB=1).
[EFX-0266 WARNING] Module Instance 'gen_probe_in_sync[98].sync_probe_in_U' input pin tied to constant (RSTA=0).
[EFX-0266 WARNING] Module Instance 'gen_probe_in_sync[98].sync_probe_in_U' input pin tied to constant (RSTB=0).
[EFX-0266 WARNING] Module Instance 'gen_probe_in_sync[98].sync_probe_in_U' input pin tied to constant (ENB=1).
[EFX-0266 WARNING] Module Instance 'gen_probe_in_sync[99].sync_probe_in_U' input pin tied to constant (RSTA=0).
[EFX-0266 WARNING] Module Instance 'gen_probe_in_sync[99].sync_probe_in_U' input pin tied to constant (RSTB=0).
[EFX-0266 WARNING] Module Instance 'gen_probe_in_sync[99].sync_probe_in_U' input pin tied to constant (ENB=1).
[EFX-0266 WARNING] Module Instance 'gen_probe_in_sync[100].sync_probe_in_U' input pin tied to constant (RSTA=0).
[EFX-0266 WARNING] Module Instance 'gen_probe_in_sync[100].sync_probe_in_U' input pin tied to constant (RSTB=0).
[EFX-0266 WARNING] Module Instance 'gen_probe_in_sync[100].sync_probe_in_U' input pin tied to constant (ENB=1).
[EFX-0266 WARNING] Module Instance 'gen_probe_in_sync[101].sync_probe_in_U' input pin tied to constant (RSTA=0).
[EFX-0266 WARNING] Module Instance 'gen_probe_in_sync[101].sync_probe_in_U' input pin tied to constant (RSTB=0).
[EFX-0266 WARNING] Module Instance 'gen_probe_in_sync[101].sync_probe_in_U' input pin tied to constant (ENB=1).
[EFX-0266 WARNING] Module Instance 'gen_probe_in_sync[102].sync_probe_in_U' input pin tied to constant (RSTA=0).
[EFX-0266 WARNING] Module Instance 'gen_probe_in_sync[102].sync_probe_in_U' input pin tied to constant (RSTB=0).
[EFX-0266 WARNING] Module Instance 'gen_probe_in_sync[102].sync_probe_in_U' input pin tied to constant (ENB=1).
[EFX-0266 WARNING] Module Instance 'gen_probe_in_sync[103].sync_probe_in_U' input pin tied to constant (RSTA=0).
[EFX-0266 WARNING] Module Instance 'gen_probe_in_sync[103].sync_probe_in_U' input pin tied to constant (RSTB=0).
[EFX-0266 WARNING] Module Instance 'gen_probe_in_sync[103].sync_probe_in_U' input pin tied to constant (ENB=1).
[EFX-0266 WARNING] Module Instance 'gen_probe_in_sync[104].sync_probe_in_U' input pin tied to constant (RSTA=0).
[EFX-0266 WARNING] Module Instance 'gen_probe_in_sync[104].sync_probe_in_U' input pin tied to constant (RSTB=0).
[EFX-0266 WARNING] Module Instance 'gen_probe_in_sync[104].sync_probe_in_U' input pin tied to constant (ENB=1).
[EFX-0266 WARNING] Module Instance 'gen_probe_in_sync[105].sync_probe_in_U' input pin tied to constant (RSTA=0).
[EFX-0266 WARNING] Module Instance 'gen_probe_in_sync[105].sync_probe_in_U' input pin tied to constant (RSTB=0).
[EFX-0266 WARNING] Module Instance 'gen_probe_in_sync[105].sync_probe_in_U' input pin tied to constant (ENB=1).
[EFX-0266 WARNING] Module Instance 'gen_probe_in_sync[106].sync_probe_in_U' input pin tied to constant (RSTA=0).
[EFX-0266 WARNING] Module Instance 'gen_probe_in_sync[106].sync_probe_in_U' input pin tied to constant (RSTB=0).
[EFX-0266 WARNING] Module Instance 'gen_probe_in_sync[106].sync_probe_in_U' input pin tied to constant (ENB=1).
[EFX-0266 WARNING] Module Instance 'gen_probe_in_sync[107].sync_probe_in_U' input pin tied to constant (RSTA=0).
[EFX-0266 WARNING] Module Instance 'gen_probe_in_sync[107].sync_probe_in_U' input pin tied to constant (RSTB=0).
[EFX-0266 WARNING] Module Instance 'gen_probe_in_sync[107].sync_probe_in_U' input pin tied to constant (ENB=1).
[EFX-0031 WARNING] (/home/wisdom/2019.3/project/MIPIDebug1.6/Efinity/debug_top.v 2074) 'mux_231' instance is encountered with don't-care(1'bx) input, rewiring to GND.
[EFX-0200 WARNING] (/home/wisdom/2019.3/project/MIPIDebug1.6/Efinity/debug_top.v 1368) Removing unconnected net : bscan_DRCK
[EFX-0200 WARNING] (/home/wisdom/2019.3/project/MIPIDebug1.6/Efinity/debug_top.v 1370) Removing unconnected net : bscan_RUNTEST
[EFX-0200 WARNING] (/home/wisdom/2019.3/project/MIPIDebug1.6/Efinity/debug_top.v 1371) Removing unconnected net : bscan_SEL
[EFX-0200 WARNING] (/home/wisdom/2019.3/project/MIPIDebug1.6/Efinity/debug_top.v 1375) Removing unconnected net : bscan_TMS
[EFX-0200 WARNING] (/home/wisdom/2019.3/project/MIPIDebug1.6/Efinity/debug_top.v 1382) Removing unconnected net : edb_user_dr[44]
[EFX-0200 WARNING] (/home/wisdom/2019.3/project/MIPIDebug1.6/Efinity/debug_top.v 1382) Removing unconnected net : edb_user_dr[43]
[EFX-0200 WARNING] (/home/wisdom/2019.3/project/MIPIDebug1.6/Efinity/debug_top.v 1382) Removing unconnected net : edb_user_dr[42]
[EFX-0200 WARNING] (/home/wisdom/2019.3/project/MIPIDebug1.6/Efinity/debug_top.v 1382) Removing unconnected net : edb_user_dr[41]
[EFX-0200 WARNING] (/home/wisdom/2019.3/project/MIPIDebug1.6/Efinity/debug_top.v 1382) Removing unconnected net : edb_user_dr[40]
[EFX-0200 WARNING] (/home/wisdom/2019.3/project/MIPIDebug1.6/Efinity/debug_top.v 1382) Removing unconnected net : edb_user_dr[39]
[EFX-0200 WARNING] (/home/wisdom/2019.3/project/MIPIDebug1.6/Efinity/debug_top.v 1382) Removing unconnected net : edb_user_dr[38]
[EFX-0200 WARNING] (/home/wisdom/2019.3/project/MIPIDebug1.6/Efinity/debug_top.v 1382) Removing unconnected net : edb_user_dr[37]
[EFX-0200 WARNING] (/home/wisdom/2019.3/project/MIPIDebug1.6/Efinity/debug_top.v 1382) Removing unconnected net : edb_user_dr[36]
[EFX-0200 WARNING] (/home/wisdom/2019.3/project/MIPIDebug1.6/Efinity/debug_top.v 1382) Removing unconnected net : edb_user_dr[35]
[EFX-0200 WARNING] (/home/wisdom/2019.3/project/MIPIDebug1.6/Efinity/debug_top.v 1382) Removing unconnected net : edb_user_dr[34]
[EFX-0200 WARNING] (/home/wisdom/2019.3/project/MIPIDebug1.6/Efinity/debug_top.v 1382) Removing unconnected net : edb_user_dr[33]
[EFX-0200 WARNING] (/home/wisdom/2019.3/project/MIPIDebug1.6/Efinity/debug_top.v 1382) Removing unconnected net : edb_user_dr[32]
[EFX-0200 WARNING] (/home/wisdom/2019.3/project/MIPIDebug1.6/Efinity/debug_top.v 1382) Removing unconnected net : edb_user_dr[31]
[EFX-0200 WARNING] (/home/wisdom/2019.3/project/MIPIDebug1.6/Efinity/debug_top.v 1382) Removing unconnected net : edb_user_dr[30]
[EFX-0266 WARNING] Module Instance 'gen_probe_in_sync[0].sync_probe_in_U' input pin tied to constant (RSTA=0).
[EFX-0266 WARNING] Module Instance 'gen_probe_in_sync[0].sync_probe_in_U' input pin tied to constant (RSTB=0).
[EFX-0266 WARNING] Module Instance 'gen_probe_in_sync[0].sync_probe_in_U' input pin tied to constant (ENB=1).
[EFX-0266 WARNING] Module Instance 'gen_probe_in_sync[1].sync_probe_in_U' input pin tied to constant (RSTA=0).
[EFX-0266 WARNING] Module Instance 'gen_probe_in_sync[1].sync_probe_in_U' input pin tied to constant (RSTB=0).
[EFX-0266 WARNING] Module Instance 'gen_probe_in_sync[1].sync_probe_in_U' input pin tied to constant (ENB=1).
[EFX-0266 WARNING] Module Instance 'gen_probe_in_sync[2].sync_probe_in_U' input pin tied to constant (RSTA=0).
[EFX-0266 WARNING] Module Instance 'gen_probe_in_sync[2].sync_probe_in_U' input pin tied to constant (RSTB=0).
[EFX-0266 WARNING] Module Instance 'gen_probe_in_sync[2].sync_probe_in_U' input pin tied to constant (ENB=1).
[EFX-0266 WARNING] Module Instance 'gen_probe_in_sync[3].sync_probe_in_U' input pin tied to constant (RSTA=0).
[EFX-0266 WARNING] Module Instance 'gen_probe_in_sync[3].sync_probe_in_U' input pin tied to constant (RSTB=0).
[EFX-0266 WARNING] Module Instance 'gen_probe_in_sync[3].sync_probe_in_U' input pin tied to constant (ENB=1).
[EFX-0266 WARNING] Module Instance 'gen_probe_in_sync[4].sync_probe_in_U' input pin tied to constant (RSTA=0).
[EFX-0266 WARNING] Module Instance 'gen_probe_in_sync[4].sync_probe_in_U' input pin tied to constant (RSTB=0).
[EFX-0266 WARNING] Module Instance 'gen_probe_in_sync[4].sync_probe_in_U' input pin tied to constant (ENB=1).
[EFX-0266 WARNING] Module Instance 'gen_probe_in_sync[5].sync_probe_in_U' input pin tied to constant (RSTA=0).
[EFX-0266 WARNING] Module Instance 'gen_probe_in_sync[5].sync_probe_in_U' input pin tied to constant (RSTB=0).
[EFX-0266 WARNING] Module Instance 'gen_probe_in_sync[5].sync_probe_in_U' input pin tied to constant (ENB=1).
[EFX-0266 WARNING] Module Instance 'gen_probe_in_sync[6].sync_probe_in_U' input pin tied to constant (RSTA=0).
[EFX-0266 WARNING] Module Instance 'gen_probe_in_sync[6].sync_probe_in_U' input pin tied to constant (RSTB=0).
[EFX-0266 WARNING] Module Instance 'gen_probe_in_sync[6].sync_probe_in_U' input pin tied to constant (ENB=1).
[EFX-0266 WARNING] Module Instance 'gen_probe_in_sync[7].sync_probe_in_U' input pin tied to constant (RSTA=0).
[EFX-0266 WARNING] Module Instance 'gen_probe_in_sync[7].sync_probe_in_U' input pin tied to constant (RSTB=0).
[EFX-0266 WARNING] Module Instance 'gen_probe_in_sync[7].sync_probe_in_U' input pin tied to constant (ENB=1).
[EFX-0266 WARNING] Module Instance 'gen_probe_in_sync[8].sync_probe_in_U' input pin tied to constant (RSTA=0).
[EFX-0266 WARNING] Module Instance 'gen_probe_in_sync[8].sync_probe_in_U' input pin tied to constant (RSTB=0).
[EFX-0266 WARNING] Module Instance 'gen_probe_in_sync[8].sync_probe_in_U' input pin tied to constant (ENB=1).
[EFX-0266 WARNING] Module Instance 'gen_probe_in_sync[9].sync_probe_in_U' input pin tied to constant (RSTA=0).
[EFX-0266 WARNING] Module Instance 'gen_probe_in_sync[9].sync_probe_in_U' input pin tied to constant (RSTB=0).
[EFX-0266 WARNING] Module Instance 'gen_probe_in_sync[9].sync_probe_in_U' input pin tied to constant (ENB=1).
[EFX-0266 WARNING] Module Instance 'gen_probe_in_sync[10].sync_probe_in_U' input pin tied to constant (RSTA=0).
[EFX-0266 WARNING] Module Instance 'gen_probe_in_sync[10].sync_probe_in_U' input pin tied to constant (RSTB=0).
[EFX-0266 WARNING] Module Instance 'gen_probe_in_sync[10].sync_probe_in_U' input pin tied to constant (ENB=1).
[EFX-0266 WARNING] Module Instance 'gen_probe_in_sync[11].sync_probe_in_U' input pin tied to constant (RSTA=0).
[EFX-0266 WARNING] Module Instance 'gen_probe_in_sync[11].sync_probe_in_U' input pin tied to constant (RSTB=0).
[EFX-0266 WARNING] Module Instance 'gen_probe_in_sync[11].sync_probe_in_U' input pin tied to constant (ENB=1).
[EFX-0266 WARNING] Module Instance 'gen_probe_in_sync[12].sync_probe_in_U' input pin tied to constant (RSTA=0).
[EFX-0266 WARNING] Module Instance 'gen_probe_in_sync[12].sync_probe_in_U' input pin tied to constant (RSTB=0).
[EFX-0266 WARNING] Module Instance 'gen_probe_in_sync[12].sync_probe_in_U' input pin tied to constant (ENB=1).
[EFX-0266 WARNING] Module Instance 'gen_probe_in_sync[13].sync_probe_in_U' input pin tied to constant (RSTA=0).
[EFX-0266 WARNING] Module Instance 'gen_probe_in_sync[13].sync_probe_in_U' input pin tied to constant (RSTB=0).
[EFX-0266 WARNING] Module Instance 'gen_probe_in_sync[13].sync_probe_in_U' input pin tied to constant (ENB=1).
[EFX-0266 WARNING] Module Instance 'gen_probe_in_sync[14].sync_probe_in_U' input pin tied to constant (RSTA=0).
[EFX-0266 WARNING] Module Instance 'gen_probe_in_sync[14].sync_probe_in_U' input pin tied to constant (RSTB=0).
[EFX-0266 WARNING] Module Instance 'gen_probe_in_sync[14].sync_probe_in_U' input pin tied to constant (ENB=1).
[EFX-0266 WARNING] Module Instance 'gen_probe_in_sync[15].sync_probe_in_U' input pin tied to constant (RSTA=0).
[EFX-0266 WARNING] Module Instance 'gen_probe_in_sync[15].sync_probe_in_U' input pin tied to constant (RSTB=0).
[EFX-0266 WARNING] Module Instance 'gen_probe_in_sync[15].sync_probe_in_U' input pin tied to constant (ENB=1).
[EFX-0266 WARNING] Module Instance 'gen_probe_in_sync[16].sync_probe_in_U' input pin tied to constant (RSTA=0).
[EFX-0266 WARNING] Module Instance 'gen_probe_in_sync[16].sync_probe_in_U' input pin tied to constant (RSTB=0).
[EFX-0266 WARNING] Module Instance 'gen_probe_in_sync[16].sync_probe_in_U' input pin tied to constant (ENB=1).
[EFX-0266 WARNING] Module Instance 'gen_probe_in_sync[17].sync_probe_in_U' input pin tied to constant (RSTA=0).
[EFX-0266 WARNING] Module Instance 'gen_probe_in_sync[17].sync_probe_in_U' input pin tied to constant (RSTB=0).
[EFX-0266 WARNING] Module Instance 'gen_probe_in_sync[17].sync_probe_in_U' input pin tied to constant (ENB=1).
[EFX-0266 WARNING] Module Instance 'gen_probe_in_sync[18].sync_probe_in_U' input pin tied to constant (RSTA=0).
[EFX-0266 WARNING] Module Instance 'gen_probe_in_sync[18].sync_probe_in_U' input pin tied to constant (RSTB=0).
[EFX-0266 WARNING] Module Instance 'gen_probe_in_sync[18].sync_probe_in_U' input pin tied to constant (ENB=1).
[EFX-0266 WARNING] Module Instance 'gen_probe_in_sync[19].sync_probe_in_U' input pin tied to constant (RSTA=0).
[EFX-0266 WARNING] Module Instance 'gen_probe_in_sync[19].sync_probe_in_U' input pin tied to constant (RSTB=0).
[EFX-0266 WARNING] Module Instance 'gen_probe_in_sync[19].sync_probe_in_U' input pin tied to constant (ENB=1).
[EFX-0266 WARNING] Module Instance 'gen_probe_in_sync[20].sync_probe_in_U' input pin tied to constant (RSTA=0).
[EFX-0266 WARNING] Module Instance 'gen_probe_in_sync[20].sync_probe_in_U' input pin tied to constant (RSTB=0).
[EFX-0266 WARNING] Module Instance 'gen_probe_in_sync[20].sync_probe_in_U' input pin tied to constant (ENB=1).
[EFX-0266 WARNING] Module Instance 'gen_probe_in_sync[21].sync_probe_in_U' input pin tied to constant (RSTA=0).
[EFX-0266 WARNING] Module Instance 'gen_probe_in_sync[21].sync_probe_in_U' input pin tied to constant (RSTB=0).
[EFX-0266 WARNING] Module Instance 'gen_probe_in_sync[21].sync_probe_in_U' input pin tied to constant (ENB=1).
[EFX-0266 WARNING] Module Instance 'gen_probe_in_sync[22].sync_probe_in_U' input pin tied to constant (RSTA=0).
[EFX-0266 WARNING] Module Instance 'gen_probe_in_sync[22].sync_probe_in_U' input pin tied to constant (RSTB=0).
[EFX-0266 WARNING] Module Instance 'gen_probe_in_sync[22].sync_probe_in_U' input pin tied to constant (ENB=1).
[EFX-0266 WARNING] Module Instance 'gen_probe_in_sync[23].sync_probe_in_U' input pin tied to constant (RSTA=0).
[EFX-0266 WARNING] Module Instance 'gen_probe_in_sync[23].sync_probe_in_U' input pin tied to constant (RSTB=0).
[EFX-0266 WARNING] Module Instance 'gen_probe_in_sync[23].sync_probe_in_U' input pin tied to constant (ENB=1).
[EFX-0266 WARNING] Module Instance 'gen_probe_in_sync[24].sync_probe_in_U' input pin tied to constant (RSTA=0).
[EFX-0266 WARNING] Module Instance 'gen_probe_in_sync[24].sync_probe_in_U' input pin tied to constant (RSTB=0).
[EFX-0266 WARNING] Module Instance 'gen_probe_in_sync[24].sync_probe_in_U' input pin tied to constant (ENB=1).
[EFX-0266 WARNING] Module Instance 'gen_probe_in_sync[25].sync_probe_in_U' input pin tied to constant (RSTA=0).
[EFX-0266 WARNING] Module Instance 'gen_probe_in_sync[25].sync_probe_in_U' input pin tied to constant (RSTB=0).
[EFX-0266 WARNING] Module Instance 'gen_probe_in_sync[25].sync_probe_in_U' input pin tied to constant (ENB=1).
[EFX-0266 WARNING] Module Instance 'gen_probe_in_sync[26].sync_probe_in_U' input pin tied to constant (RSTA=0).
[EFX-0266 WARNING] Module Instance 'gen_probe_in_sync[26].sync_probe_in_U' input pin tied to constant (RSTB=0).
[EFX-0266 WARNING] Module Instance 'gen_probe_in_sync[26].sync_probe_in_U' input pin tied to constant (ENB=1).
[EFX-0266 WARNING] Module Instance 'gen_probe_in_sync[27].sync_probe_in_U' input pin tied to constant (RSTA=0).
[EFX-0266 WARNING] Module Instance 'gen_probe_in_sync[27].sync_probe_in_U' input pin tied to constant (RSTB=0).
[EFX-0266 WARNING] Module Instance 'gen_probe_in_sync[27].sync_probe_in_U' input pin tied to constant (ENB=1).
[EFX-0266 WARNING] Module Instance 'gen_probe_in_sync[28].sync_probe_in_U' input pin tied to constant (RSTA=0).
[EFX-0266 WARNING] Module Instance 'gen_probe_in_sync[28].sync_probe_in_U' input pin tied to constant (RSTB=0).
[EFX-0266 WARNING] Module Instance 'gen_probe_in_sync[28].sync_probe_in_U' input pin tied to constant (ENB=1).
[EFX-0266 WARNING] Module Instance 'gen_probe_in_sync[29].sync_probe_in_U' input pin tied to constant (RSTA=0).
[EFX-0266 WARNING] Module Instance 'gen_probe_in_sync[29].sync_probe_in_U' input pin tied to constant (RSTB=0).
[EFX-0266 WARNING] Module Instance 'gen_probe_in_sync[29].sync_probe_in_U' input pin tied to constant (ENB=1).
[EFX-0266 WARNING] Module Instance 'gen_probe_in_sync[30].sync_probe_in_U' input pin tied to constant (RSTA=0).
[EFX-0266 WARNING] Module Instance 'gen_probe_in_sync[30].sync_probe_in_U' input pin tied to constant (RSTB=0).
[EFX-0266 WARNING] Module Instance 'gen_probe_in_sync[30].sync_probe_in_U' input pin tied to constant (ENB=1).
[EFX-0266 WARNING] Module Instance 'gen_probe_in_sync[31].sync_probe_in_U' input pin tied to constant (RSTA=0).
[EFX-0266 WARNING] Module Instance 'gen_probe_in_sync[31].sync_probe_in_U' input pin tied to constant (RSTB=0).
[EFX-0266 WARNING] Module Instance 'gen_probe_in_sync[31].sync_probe_in_U' input pin tied to constant (ENB=1).
[EFX-0266 WARNING] Module Instance 'gen_probe_in_sync[32].sync_probe_in_U' input pin tied to constant (RSTA=0).
[EFX-0266 WARNING] Module Instance 'gen_probe_in_sync[32].sync_probe_in_U' input pin tied to constant (RSTB=0).
[EFX-0266 WARNING] Module Instance 'gen_probe_in_sync[32].sync_probe_in_U' input pin tied to constant (ENB=1).
[EFX-0266 WARNING] Module Instance 'gen_probe_in_sync[33].sync_probe_in_U' input pin tied to constant (RSTA=0).
[EFX-0266 WARNING] Module Instance 'gen_probe_in_sync[33].sync_probe_in_U' input pin tied to constant (RSTB=0).
[EFX-0266 WARNING] Module Instance 'gen_probe_in_sync[33].sync_probe_in_U' input pin tied to constant (ENB=1).
[EFX-0266 WARNING] Module Instance 'gen_probe_in_sync[34].sync_probe_in_U' input pin tied to constant (RSTA=0).
[EFX-0266 WARNING] Module Instance 'gen_probe_in_sync[34].sync_probe_in_U' input pin tied to constant (RSTB=0).
[EFX-0266 WARNING] Module Instance 'gen_probe_in_sync[34].sync_probe_in_U' input pin tied to constant (ENB=1).
[EFX-0266 WARNING] Module Instance 'gen_probe_in_sync[35].sync_probe_in_U' input pin tied to constant (RSTA=0).
[EFX-0266 WARNING] Module Instance 'gen_probe_in_sync[35].sync_probe_in_U' input pin tied to constant (RSTB=0).
[EFX-0266 WARNING] Module Instance 'gen_probe_in_sync[35].sync_probe_in_U' input pin tied to constant (ENB=1).
[EFX-0266 WARNING] Module Instance 'gen_probe_in_sync[36].sync_probe_in_U' input pin tied to constant (RSTA=0).
[EFX-0266 WARNING] Module Instance 'gen_probe_in_sync[36].sync_probe_in_U' input pin tied to constant (RSTB=0).
[EFX-0266 WARNING] Module Instance 'gen_probe_in_sync[36].sync_probe_in_U' input pin tied to constant (ENB=1).
[EFX-0266 WARNING] Module Instance 'gen_probe_in_sync[37].sync_probe_in_U' input pin tied to constant (RSTA=0).
[EFX-0266 WARNING] Module Instance 'gen_probe_in_sync[37].sync_probe_in_U' input pin tied to constant (RSTB=0).
[EFX-0266 WARNING] Module Instance 'gen_probe_in_sync[37].sync_probe_in_U' input pin tied to constant (ENB=1).
[EFX-0266 WARNING] Module Instance 'gen_probe_in_sync[38].sync_probe_in_U' input pin tied to constant (RSTA=0).
[EFX-0266 WARNING] Module Instance 'gen_probe_in_sync[38].sync_probe_in_U' input pin tied to constant (RSTB=0).
[EFX-0266 WARNING] Module Instance 'gen_probe_in_sync[38].sync_probe_in_U' input pin tied to constant (ENB=1).
[EFX-0266 WARNING] Module Instance 'gen_probe_in_sync[39].sync_probe_in_U' input pin tied to constant (RSTA=0).
[EFX-0266 WARNING] Module Instance 'gen_probe_in_sync[39].sync_probe_in_U' input pin tied to constant (RSTB=0).
[EFX-0266 WARNING] Module Instance 'gen_probe_in_sync[39].sync_probe_in_U' input pin tied to constant (ENB=1).
[EFX-0266 WARNING] Module Instance 'gen_probe_in_sync[40].sync_probe_in_U' input pin tied to constant (RSTA=0).
[EFX-0266 WARNING] Module Instance 'gen_probe_in_sync[40].sync_probe_in_U' input pin tied to constant (RSTB=0).
[EFX-0266 WARNING] Module Instance 'gen_probe_in_sync[40].sync_probe_in_U' input pin tied to constant (ENB=1).
[EFX-0266 WARNING] Module Instance 'gen_probe_in_sync[41].sync_probe_in_U' input pin tied to constant (RSTA=0).
[EFX-0266 WARNING] Module Instance 'gen_probe_in_sync[41].sync_probe_in_U' input pin tied to constant (RSTB=0).
[EFX-0266 WARNING] Module Instance 'gen_probe_in_sync[41].sync_probe_in_U' input pin tied to constant (ENB=1).
[EFX-0266 WARNING] Module Instance 'gen_probe_in_sync[42].sync_probe_in_U' input pin tied to constant (RSTA=0).
[EFX-0266 WARNING] Module Instance 'gen_probe_in_sync[42].sync_probe_in_U' input pin tied to constant (RSTB=0).
[EFX-0266 WARNING] Module Instance 'gen_probe_in_sync[42].sync_probe_in_U' input pin tied to constant (ENB=1).
[EFX-0266 WARNING] Module Instance 'gen_probe_in_sync[43].sync_probe_in_U' input pin tied to constant (RSTA=0).
[EFX-0266 WARNING] Module Instance 'gen_probe_in_sync[43].sync_probe_in_U' input pin tied to constant (RSTB=0).
[EFX-0266 WARNING] Module Instance 'gen_probe_in_sync[43].sync_probe_in_U' input pin tied to constant (ENB=1).
[EFX-0266 WARNING] Module Instance 'gen_probe_in_sync[44].sync_probe_in_U' input pin tied to constant (RSTA=0).
[EFX-0266 WARNING] Module Instance 'gen_probe_in_sync[44].sync_probe_in_U' input pin tied to constant (RSTB=0).
[EFX-0266 WARNING] Module Instance 'gen_probe_in_sync[44].sync_probe_in_U' input pin tied to constant (ENB=1).
[EFX-0266 WARNING] Module Instance 'gen_probe_in_sync[45].sync_probe_in_U' input pin tied to constant (RSTA=0).
[EFX-0266 WARNING] Module Instance 'gen_probe_in_sync[45].sync_probe_in_U' input pin tied to constant (RSTB=0).
[EFX-0266 WARNING] Module Instance 'gen_probe_in_sync[45].sync_probe_in_U' input pin tied to constant (ENB=1).
[EFX-0266 WARNING] Module Instance 'gen_probe_in_sync[46].sync_probe_in_U' input pin tied to constant (RSTA=0).
[EFX-0266 WARNING] Module Instance 'gen_probe_in_sync[46].sync_probe_in_U' input pin tied to constant (RSTB=0).
[EFX-0266 WARNING] Module Instance 'gen_probe_in_sync[46].sync_probe_in_U' input pin tied to constant (ENB=1).
[EFX-0266 WARNING] Module Instance 'gen_probe_in_sync[47].sync_probe_in_U' input pin tied to constant (RSTA=0).
[EFX-0266 WARNING] Module Instance 'gen_probe_in_sync[47].sync_probe_in_U' input pin tied to constant (RSTB=0).
[EFX-0266 WARNING] Module Instance 'gen_probe_in_sync[47].sync_probe_in_U' input pin tied to constant (ENB=1).
[EFX-0266 WARNING] Module Instance 'gen_probe_in_sync[48].sync_probe_in_U' input pin tied to constant (RSTA=0).
[EFX-0266 WARNING] Module Instance 'gen_probe_in_sync[48].sync_probe_in_U' input pin tied to constant (RSTB=0).
[EFX-0266 WARNING] Module Instance 'gen_probe_in_sync[48].sync_probe_in_U' input pin tied to constant (ENB=1).
[EFX-0266 WARNING] Module Instance 'gen_probe_in_sync[49].sync_probe_in_U' input pin tied to constant (RSTA=0).
[EFX-0266 WARNING] Module Instance 'gen_probe_in_sync[49].sync_probe_in_U' input pin tied to constant (RSTB=0).
[EFX-0266 WARNING] Module Instance 'gen_probe_in_sync[49].sync_probe_in_U' input pin tied to constant (ENB=1).
[EFX-0266 WARNING] Module Instance 'gen_probe_in_sync[50].sync_probe_in_U' input pin tied to constant (RSTA=0).
[EFX-0266 WARNING] Module Instance 'gen_probe_in_sync[50].sync_probe_in_U' input pin tied to constant (RSTB=0).
[EFX-0266 WARNING] Module Instance 'gen_probe_in_sync[50].sync_probe_in_U' input pin tied to constant (ENB=1).
[EFX-0266 WARNING] Module Instance 'gen_probe_in_sync[51].sync_probe_in_U' input pin tied to constant (RSTA=0).
[EFX-0266 WARNING] Module Instance 'gen_probe_in_sync[51].sync_probe_in_U' input pin tied to constant (RSTB=0).
[EFX-0266 WARNING] Module Instance 'gen_probe_in_sync[51].sync_probe_in_U' input pin tied to constant (ENB=1).
[EFX-0266 WARNING] Module Instance 'gen_probe_in_sync[52].sync_probe_in_U' input pin tied to constant (RSTA=0).
[EFX-0266 WARNING] Module Instance 'gen_probe_in_sync[52].sync_probe_in_U' input pin tied to constant (RSTB=0).
[EFX-0266 WARNING] Module Instance 'gen_probe_in_sync[52].sync_probe_in_U' input pin tied to constant (ENB=1).
[EFX-0266 WARNING] Module Instance 'gen_probe_in_sync[53].sync_probe_in_U' input pin tied to constant (RSTA=0).
[EFX-0266 WARNING] Module Instance 'gen_probe_in_sync[53].sync_probe_in_U' input pin tied to constant (RSTB=0).
[EFX-0266 WARNING] Module Instance 'gen_probe_in_sync[53].sync_probe_in_U' input pin tied to constant (ENB=1).
[EFX-0266 WARNING] Module Instance 'gen_probe_in_sync[54].sync_probe_in_U' input pin tied to constant (RSTA=0).
[EFX-0266 WARNING] Module Instance 'gen_probe_in_sync[54].sync_probe_in_U' input pin tied to constant (RSTB=0).
[EFX-0266 WARNING] Module Instance 'gen_probe_in_sync[54].sync_probe_in_U' input pin tied to constant (ENB=1).
[EFX-0266 WARNING] Module Instance 'gen_probe_in_sync[55].sync_probe_in_U' input pin tied to constant (RSTA=0).
[EFX-0266 WARNING] Module Instance 'gen_probe_in_sync[55].sync_probe_in_U' input pin tied to constant (RSTB=0).
[EFX-0266 WARNING] Module Instance 'gen_probe_in_sync[55].sync_probe_in_U' input pin tied to constant (ENB=1).
[EFX-0266 WARNING] Module Instance 'gen_probe_in_sync[56].sync_probe_in_U' input pin tied to constant (RSTA=0).
[EFX-0266 WARNING] Module Instance 'gen_probe_in_sync[56].sync_probe_in_U' input pin tied to constant (RSTB=0).
[EFX-0266 WARNING] Module Instance 'gen_probe_in_sync[56].sync_probe_in_U' input pin tied to constant (ENB=1).
[EFX-0266 WARNING] Module Instance 'gen_probe_in_sync[57].sync_probe_in_U' input pin tied to constant (RSTA=0).
[EFX-0266 WARNING] Module Instance 'gen_probe_in_sync[57].sync_probe_in_U' input pin tied to constant (RSTB=0).
[EFX-0266 WARNING] Module Instance 'gen_probe_in_sync[57].sync_probe_in_U' input pin tied to constant (ENB=1).
[EFX-0266 WARNING] Module Instance 'gen_probe_in_sync[58].sync_probe_in_U' input pin tied to constant (RSTA=0).
[EFX-0266 WARNING] Module Instance 'gen_probe_in_sync[58].sync_probe_in_U' input pin tied to constant (RSTB=0).
[EFX-0266 WARNING] Module Instance 'gen_probe_in_sync[58].sync_probe_in_U' input pin tied to constant (ENB=1).
[EFX-0266 WARNING] Module Instance 'gen_probe_in_sync[59].sync_probe_in_U' input pin tied to constant (RSTA=0).
[EFX-0266 WARNING] Module Instance 'gen_probe_in_sync[59].sync_probe_in_U' input pin tied to constant (RSTB=0).
[EFX-0266 WARNING] Module Instance 'gen_probe_in_sync[59].sync_probe_in_U' input pin tied to constant (ENB=1).
[EFX-0266 WARNING] Module Instance 'gen_probe_in_sync[60].sync_probe_in_U' input pin tied to constant (RSTA=0).
[EFX-0266 WARNING] Module Instance 'gen_probe_in_sync[60].sync_probe_in_U' input pin tied to constant (RSTB=0).
[EFX-0266 WARNING] Module Instance 'gen_probe_in_sync[60].sync_probe_in_U' input pin tied to constant (ENB=1).
[EFX-0266 WARNING] Module Instance 'gen_probe_in_sync[61].sync_probe_in_U' input pin tied to constant (RSTA=0).
[EFX-0266 WARNING] Module Instance 'gen_probe_in_sync[61].sync_probe_in_U' input pin tied to constant (RSTB=0).
[EFX-0266 WARNING] Module Instance 'gen_probe_in_sync[61].sync_probe_in_U' input pin tied to constant (ENB=1).
[EFX-0266 WARNING] Module Instance 'gen_probe_in_sync[62].sync_probe_in_U' input pin tied to constant (RSTA=0).
[EFX-0266 WARNING] Module Instance 'gen_probe_in_sync[62].sync_probe_in_U' input pin tied to constant (RSTB=0).
[EFX-0266 WARNING] Module Instance 'gen_probe_in_sync[62].sync_probe_in_U' input pin tied to constant (ENB=1).
[EFX-0266 WARNING] Module Instance 'gen_probe_in_sync[63].sync_probe_in_U' input pin tied to constant (RSTA=0).
[EFX-0266 WARNING] Module Instance 'gen_probe_in_sync[63].sync_probe_in_U' input pin tied to constant (RSTB=0).
[EFX-0266 WARNING] Module Instance 'gen_probe_in_sync[63].sync_probe_in_U' input pin tied to constant (ENB=1).
[EFX-0266 WARNING] Module Instance 'gen_probe_in_sync[64].sync_probe_in_U' input pin tied to constant (RSTA=0).
[EFX-0266 WARNING] Module Instance 'gen_probe_in_sync[64].sync_probe_in_U' input pin tied to constant (RSTB=0).
[EFX-0266 WARNING] Module Instance 'gen_probe_in_sync[64].sync_probe_in_U' input pin tied to constant (ENB=1).
[EFX-0266 WARNING] Module Instance 'gen_probe_in_sync[65].sync_probe_in_U' input pin tied to constant (RSTA=0).
[EFX-0266 WARNING] Module Instance 'gen_probe_in_sync[65].sync_probe_in_U' input pin tied to constant (RSTB=0).
[EFX-0266 WARNING] Module Instance 'gen_probe_in_sync[65].sync_probe_in_U' input pin tied to constant (ENB=1).
[EFX-0266 WARNING] Module Instance 'gen_probe_in_sync[66].sync_probe_in_U' input pin tied to constant (RSTA=0).
[EFX-0266 WARNING] Module Instance 'gen_probe_in_sync[66].sync_probe_in_U' input pin tied to constant (RSTB=0).
[EFX-0266 WARNING] Module Instance 'gen_probe_in_sync[66].sync_probe_in_U' input pin tied to constant (ENB=1).
[EFX-0266 WARNING] Module Instance 'gen_probe_in_sync[67].sync_probe_in_U' input pin tied to constant (RSTA=0).
[EFX-0266 WARNING] Module Instance 'gen_probe_in_sync[67].sync_probe_in_U' input pin tied to constant (RSTB=0).
[EFX-0266 WARNING] Module Instance 'gen_probe_in_sync[67].sync_probe_in_U' input pin tied to constant (ENB=1).
[EFX-0266 WARNING] Module Instance 'gen_probe_in_sync[68].sync_probe_in_U' input pin tied to constant (RSTA=0).
[EFX-0266 WARNING] Module Instance 'gen_probe_in_sync[68].sync_probe_in_U' input pin tied to constant (RSTB=0).
[EFX-0266 WARNING] Module Instance 'gen_probe_in_sync[68].sync_probe_in_U' input pin tied to constant (ENB=1).
[EFX-0266 WARNING] Module Instance 'gen_probe_in_sync[69].sync_probe_in_U' input pin tied to constant (RSTA=0).
[EFX-0266 WARNING] Module Instance 'gen_probe_in_sync[69].sync_probe_in_U' input pin tied to constant (RSTB=0).
[EFX-0266 WARNING] Module Instance 'gen_probe_in_sync[69].sync_probe_in_U' input pin tied to constant (ENB=1).
[EFX-0266 WARNING] Module Instance 'gen_probe_in_sync[70].sync_probe_in_U' input pin tied to constant (RSTA=0).
[EFX-0266 WARNING] Module Instance 'gen_probe_in_sync[70].sync_probe_in_U' input pin tied to constant (RSTB=0).
[EFX-0266 WARNING] Module Instance 'gen_probe_in_sync[70].sync_probe_in_U' input pin tied to constant (ENB=1).
[EFX-0266 WARNING] Module Instance 'gen_probe_in_sync[71].sync_probe_in_U' input pin tied to constant (RSTA=0).
[EFX-0266 WARNING] Module Instance 'gen_probe_in_sync[71].sync_probe_in_U' input pin tied to constant (RSTB=0).
[EFX-0266 WARNING] Module Instance 'gen_probe_in_sync[71].sync_probe_in_U' input pin tied to constant (ENB=1).
[EFX-0266 WARNING] Module Instance 'gen_probe_in_sync[72].sync_probe_in_U' input pin tied to constant (RSTA=0).
[EFX-0266 WARNING] Module Instance 'gen_probe_in_sync[72].sync_probe_in_U' input pin tied to constant (RSTB=0).
[EFX-0266 WARNING] Module Instance 'gen_probe_in_sync[72].sync_probe_in_U' input pin tied to constant (ENB=1).
[EFX-0266 WARNING] Module Instance 'gen_probe_in_sync[73].sync_probe_in_U' input pin tied to constant (RSTA=0).
[EFX-0266 WARNING] Module Instance 'gen_probe_in_sync[73].sync_probe_in_U' input pin tied to constant (RSTB=0).
[EFX-0266 WARNING] Module Instance 'gen_probe_in_sync[73].sync_probe_in_U' input pin tied to constant (ENB=1).
[EFX-0266 WARNING] Module Instance 'gen_probe_in_sync[74].sync_probe_in_U' input pin tied to constant (RSTA=0).
[EFX-0266 WARNING] Module Instance 'gen_probe_in_sync[74].sync_probe_in_U' input pin tied to constant (RSTB=0).
[EFX-0266 WARNING] Module Instance 'gen_probe_in_sync[74].sync_probe_in_U' input pin tied to constant (ENB=1).
[EFX-0266 WARNING] Module Instance 'gen_probe_in_sync[75].sync_probe_in_U' input pin tied to constant (RSTA=0).
[EFX-0266 WARNING] Module Instance 'gen_probe_in_sync[75].sync_probe_in_U' input pin tied to constant (RSTB=0).
[EFX-0266 WARNING] Module Instance 'gen_probe_in_sync[75].sync_probe_in_U' input pin tied to constant (ENB=1).
[EFX-0266 WARNING] Module Instance 'gen_probe_in_sync[76].sync_probe_in_U' input pin tied to constant (RSTA=0).
[EFX-0266 WARNING] Module Instance 'gen_probe_in_sync[76].sync_probe_in_U' input pin tied to constant (RSTB=0).
[EFX-0266 WARNING] Module Instance 'gen_probe_in_sync[76].sync_probe_in_U' input pin tied to constant (ENB=1).
[EFX-0266 WARNING] Module Instance 'gen_probe_in_sync[77].sync_probe_in_U' input pin tied to constant (RSTA=0).
[EFX-0266 WARNING] Module Instance 'gen_probe_in_sync[77].sync_probe_in_U' input pin tied to constant (RSTB=0).
[EFX-0266 WARNING] Module Instance 'gen_probe_in_sync[77].sync_probe_in_U' input pin tied to constant (ENB=1).
[EFX-0266 WARNING] Module Instance 'gen_probe_in_sync[78].sync_probe_in_U' input pin tied to constant (RSTA=0).
[EFX-0266 WARNING] Module Instance 'gen_probe_in_sync[78].sync_probe_in_U' input pin tied to constant (RSTB=0).
[EFX-0266 WARNING] Module Instance 'gen_probe_in_sync[78].sync_probe_in_U' input pin tied to constant (ENB=1).
[EFX-0266 WARNING] Module Instance 'gen_probe_in_sync[79].sync_probe_in_U' input pin tied to constant (RSTA=0).
[EFX-0266 WARNING] Module Instance 'gen_probe_in_sync[79].sync_probe_in_U' input pin tied to constant (RSTB=0).
[EFX-0266 WARNING] Module Instance 'gen_probe_in_sync[79].sync_probe_in_U' input pin tied to constant (ENB=1).
[EFX-0266 WARNING] Module Instance 'gen_probe_in_sync[80].sync_probe_in_U' input pin tied to constant (RSTA=0).
[EFX-0266 WARNING] Module Instance 'gen_probe_in_sync[80].sync_probe_in_U' input pin tied to constant (RSTB=0).
[EFX-0266 WARNING] Module Instance 'gen_probe_in_sync[80].sync_probe_in_U' input pin tied to constant (ENB=1).
[EFX-0266 WARNING] Module Instance 'gen_probe_in_sync[81].sync_probe_in_U' input pin tied to constant (RSTA=0).
[EFX-0266 WARNING] Module Instance 'gen_probe_in_sync[81].sync_probe_in_U' input pin tied to constant (RSTB=0).
[EFX-0266 WARNING] Module Instance 'gen_probe_in_sync[81].sync_probe_in_U' input pin tied to constant (ENB=1).
[EFX-0266 WARNING] Module Instance 'gen_probe_in_sync[82].sync_probe_in_U' input pin tied to constant (RSTA=0).
[EFX-0266 WARNING] Module Instance 'gen_probe_in_sync[82].sync_probe_in_U' input pin tied to constant (RSTB=0).
[EFX-0266 WARNING] Module Instance 'gen_probe_in_sync[82].sync_probe_in_U' input pin tied to constant (ENB=1).
[EFX-0266 WARNING] Module Instance 'gen_probe_in_sync[83].sync_probe_in_U' input pin tied to constant (RSTA=0).
[EFX-0266 WARNING] Module Instance 'gen_probe_in_sync[83].sync_probe_in_U' input pin tied to constant (RSTB=0).
[EFX-0266 WARNING] Module Instance 'gen_probe_in_sync[83].sync_probe_in_U' input pin tied to constant (ENB=1).
[EFX-0266 WARNING] Module Instance 'gen_probe_in_sync[84].sync_probe_in_U' input pin tied to constant (RSTA=0).
[EFX-0266 WARNING] Module Instance 'gen_probe_in_sync[84].sync_probe_in_U' input pin tied to constant (RSTB=0).
[EFX-0266 WARNING] Module Instance 'gen_probe_in_sync[84].sync_probe_in_U' input pin tied to constant (ENB=1).
[EFX-0266 WARNING] Module Instance 'gen_probe_in_sync[85].sync_probe_in_U' input pin tied to constant (RSTA=0).
[EFX-0266 WARNING] Module Instance 'gen_probe_in_sync[85].sync_probe_in_U' input pin tied to constant (RSTB=0).
[EFX-0266 WARNING] Module Instance 'gen_probe_in_sync[85].sync_probe_in_U' input pin tied to constant (ENB=1).
[EFX-0266 WARNING] Module Instance 'gen_probe_in_sync[86].sync_probe_in_U' input pin tied to constant (RSTA=0).
[EFX-0266 WARNING] Module Instance 'gen_probe_in_sync[86].sync_probe_in_U' input pin tied to constant (RSTB=0).
[EFX-0266 WARNING] Module Instance 'gen_probe_in_sync[86].sync_probe_in_U' input pin tied to constant (ENB=1).
[EFX-0266 WARNING] Module Instance 'gen_probe_in_sync[87].sync_probe_in_U' input pin tied to constant (RSTA=0).
[EFX-0266 WARNING] Module Instance 'gen_probe_in_sync[87].sync_probe_in_U' input pin tied to constant (RSTB=0).
[EFX-0266 WARNING] Module Instance 'gen_probe_in_sync[87].sync_probe_in_U' input pin tied to constant (ENB=1).
[EFX-0266 WARNING] Module Instance 'gen_probe_in_sync[88].sync_probe_in_U' input pin tied to constant (RSTA=0).
[EFX-0266 WARNING] Module Instance 'gen_probe_in_sync[88].sync_probe_in_U' input pin tied to constant (RSTB=0).
[EFX-0266 WARNING] Module Instance 'gen_probe_in_sync[88].sync_probe_in_U' input pin tied to constant (ENB=1).
[EFX-0266 WARNING] Module Instance 'gen_probe_in_sync[89].sync_probe_in_U' input pin tied to constant (RSTA=0).
[EFX-0266 WARNING] Module Instance 'gen_probe_in_sync[89].sync_probe_in_U' input pin tied to constant (RSTB=0).
[EFX-0266 WARNING] Module Instance 'gen_probe_in_sync[89].sync_probe_in_U' input pin tied to constant (ENB=1).
[EFX-0266 WARNING] Module Instance 'gen_probe_in_sync[90].sync_probe_in_U' input pin tied to constant (RSTA=0).
[EFX-0266 WARNING] Module Instance 'gen_probe_in_sync[90].sync_probe_in_U' input pin tied to constant (RSTB=0).
[EFX-0266 WARNING] Module Instance 'gen_probe_in_sync[90].sync_probe_in_U' input pin tied to constant (ENB=1).
[EFX-0266 WARNING] Module Instance 'gen_probe_in_sync[91].sync_probe_in_U' input pin tied to constant (RSTA=0).
[EFX-0266 WARNING] Module Instance 'gen_probe_in_sync[91].sync_probe_in_U' input pin tied to constant (RSTB=0).
[EFX-0266 WARNING] Module Instance 'gen_probe_in_sync[91].sync_probe_in_U' input pin tied to constant (ENB=1).
[EFX-0266 WARNING] Module Instance 'gen_probe_in_sync[92].sync_probe_in_U' input pin tied to constant (RSTA=0).
[EFX-0266 WARNING] Module Instance 'gen_probe_in_sync[92].sync_probe_in_U' input pin tied to constant (RSTB=0).
[EFX-0266 WARNING] Module Instance 'gen_probe_in_sync[92].sync_probe_in_U' input pin tied to constant (ENB=1).
[EFX-0266 WARNING] Module Instance 'gen_probe_in_sync[93].sync_probe_in_U' input pin tied to constant (RSTA=0).
[EFX-0266 WARNING] Module Instance 'gen_probe_in_sync[93].sync_probe_in_U' input pin tied to constant (RSTB=0).
[EFX-0266 WARNING] Module Instance 'gen_probe_in_sync[93].sync_probe_in_U' input pin tied to constant (ENB=1).
[EFX-0266 WARNING] Module Instance 'gen_probe_in_sync[94].sync_probe_in_U' input pin tied to constant (RSTA=0).
[EFX-0266 WARNING] Module Instance 'gen_probe_in_sync[94].sync_probe_in_U' input pin tied to constant (RSTB=0).
[EFX-0266 WARNING] Module Instance 'gen_probe_in_sync[94].sync_probe_in_U' input pin tied to constant (ENB=1).
[EFX-0266 WARNING] Module Instance 'gen_probe_in_sync[95].sync_probe_in_U' input pin tied to constant (RSTA=0).
[EFX-0266 WARNING] Module Instance 'gen_probe_in_sync[95].sync_probe_in_U' input pin tied to constant (RSTB=0).
[EFX-0266 WARNING] Module Instance 'gen_probe_in_sync[95].sync_probe_in_U' input pin tied to constant (ENB=1).
[EFX-0266 WARNING] Module Instance 'gen_probe_in_sync[96].sync_probe_in_U' input pin tied to constant (RSTA=0).
[EFX-0266 WARNING] Module Instance 'gen_probe_in_sync[96].sync_probe_in_U' input pin tied to constant (RSTB=0).
[EFX-0266 WARNING] Module Instance 'gen_probe_in_sync[96].sync_probe_in_U' input pin tied to constant (ENB=1).
[EFX-0266 WARNING] Module Instance 'gen_probe_in_sync[97].sync_probe_in_U' input pin tied to constant (RSTA=0).
[EFX-0266 WARNING] Module Instance 'gen_probe_in_sync[97].sync_probe_in_U' input pin tied to constant (RSTB=0).
[EFX-0266 WARNING] Module Instance 'gen_probe_in_sync[97].sync_probe_in_U' input pin tied to constant (ENB=1).
[EFX-0266 WARNING] Module Instance 'gen_probe_in_sync[98].sync_probe_in_U' input pin tied to constant (RSTA=0).
[EFX-0266 WARNING] Module Instance 'gen_probe_in_sync[98].sync_probe_in_U' input pin tied to constant (RSTB=0).
[EFX-0266 WARNING] Module Instance 'gen_probe_in_sync[98].sync_probe_in_U' input pin tied to constant (ENB=1).
[EFX-0266 WARNING] Module Instance 'gen_probe_in_sync[99].sync_probe_in_U' input pin tied to constant (RSTA=0).
[EFX-0266 WARNING] Module Instance 'gen_probe_in_sync[99].sync_probe_in_U' input pin tied to constant (RSTB=0).
[EFX-0266 WARNING] Module Instance 'gen_probe_in_sync[99].sync_probe_in_U' input pin tied to constant (ENB=1).
[EFX-0266 WARNING] Module Instance 'gen_probe_in_sync[100].sync_probe_in_U' input pin tied to constant (RSTA=0).
[EFX-0266 WARNING] Module Instance 'gen_probe_in_sync[100].sync_probe_in_U' input pin tied to constant (RSTB=0).
[EFX-0266 WARNING] Module Instance 'gen_probe_in_sync[100].sync_probe_in_U' input pin tied to constant (ENB=1).
[EFX-0266 WARNING] Module Instance 'gen_probe_in_sync[101].sync_probe_in_U' input pin tied to constant (RSTA=0).
[EFX-0266 WARNING] Module Instance 'gen_probe_in_sync[101].sync_probe_in_U' input pin tied to constant (RSTB=0).
[EFX-0266 WARNING] Module Instance 'gen_probe_in_sync[101].sync_probe_in_U' input pin tied to constant (ENB=1).
[EFX-0266 WARNING] Module Instance 'gen_probe_in_sync[102].sync_probe_in_U' input pin tied to constant (RSTA=0).
[EFX-0266 WARNING] Module Instance 'gen_probe_in_sync[102].sync_probe_in_U' input pin tied to constant (RSTB=0).
[EFX-0266 WARNING] Module Instance 'gen_probe_in_sync[102].sync_probe_in_U' input pin tied to constant (ENB=1).
[EFX-0266 WARNING] Module Instance 'gen_probe_in_sync[103].sync_probe_in_U' input pin tied to constant (RSTA=0).
[EFX-0266 WARNING] Module Instance 'gen_probe_in_sync[103].sync_probe_in_U' input pin tied to constant (RSTB=0).
[EFX-0266 WARNING] Module Instance 'gen_probe_in_sync[103].sync_probe_in_U' input pin tied to constant (ENB=1).
[EFX-0266 WARNING] Module Instance 'gen_probe_in_sync[104].sync_probe_in_U' input pin tied to constant (RSTA=0).
[EFX-0266 WARNING] Module Instance 'gen_probe_in_sync[104].sync_probe_in_U' input pin tied to constant (RSTB=0).
[EFX-0266 WARNING] Module Instance 'gen_probe_in_sync[104].sync_probe_in_U' input pin tied to constant (ENB=1).
[EFX-0266 WARNING] Module Instance 'gen_probe_in_sync[105].sync_probe_in_U' input pin tied to constant (RSTA=0).
[EFX-0266 WARNING] Module Instance 'gen_probe_in_sync[105].sync_probe_in_U' input pin tied to constant (RSTB=0).
[EFX-0266 WARNING] Module Instance 'gen_probe_in_sync[105].sync_probe_in_U' input pin tied to constant (ENB=1).
[EFX-0266 WARNING] Module Instance 'gen_probe_in_sync[106].sync_probe_in_U' input pin tied to constant (RSTA=0).
[EFX-0266 WARNING] Module Instance 'gen_probe_in_sync[106].sync_probe_in_U' input pin tied to constant (RSTB=0).
[EFX-0266 WARNING] Module Instance 'gen_probe_in_sync[106].sync_probe_in_U' input pin tied to constant (ENB=1).
[EFX-0266 WARNING] Module Instance 'gen_probe_in_sync[107].sync_probe_in_U' input pin tied to constant (RSTA=0).
[EFX-0266 WARNING] Module Instance 'gen_probe_in_sync[107].sync_probe_in_U' input pin tied to constant (RSTB=0).
[EFX-0266 WARNING] Module Instance 'gen_probe_in_sync[107].sync_probe_in_U' input pin tied to constant (ENB=1).
[EFX-0266 WARNING] Module Instance 'gen_probe_in_sync[108].sync_probe_in_U' input pin tied to constant (RSTA=0).
[EFX-0266 WARNING] Module Instance 'gen_probe_in_sync[108].sync_probe_in_U' input pin tied to constant (RSTB=0).
[EFX-0266 WARNING] Module Instance 'gen_probe_in_sync[108].sync_probe_in_U' input pin tied to constant (ENB=1).
[EFX-0266 WARNING] Module Instance 'gen_probe_in_sync[109].sync_probe_in_U' input pin tied to constant (RSTA=0).
[EFX-0266 WARNING] Module Instance 'gen_probe_in_sync[109].sync_probe_in_U' input pin tied to constant (RSTB=0).
[EFX-0266 WARNING] Module Instance 'gen_probe_in_sync[109].sync_probe_in_U' input pin tied to constant (ENB=1).
[EFX-0266 WARNING] Module Instance 'gen_probe_in_sync[110].sync_probe_in_U' input pin tied to constant (RSTA=0).
[EFX-0266 WARNING] Module Instance 'gen_probe_in_sync[110].sync_probe_in_U' input pin tied to constant (RSTB=0).
[EFX-0266 WARNING] Module Instance 'gen_probe_in_sync[110].sync_probe_in_U' input pin tied to constant (ENB=1).
[EFX-0266 WARNING] Module Instance 'gen_probe_in_sync[111].sync_probe_in_U' input pin tied to constant (RSTA=0).
[EFX-0266 WARNING] Module Instance 'gen_probe_in_sync[111].sync_probe_in_U' input pin tied to constant (RSTB=0).
[EFX-0266 WARNING] Module Instance 'gen_probe_in_sync[111].sync_probe_in_U' input pin tied to constant (ENB=1).
[EFX-0266 WARNING] Module Instance 'gen_probe_in_sync[112].sync_probe_in_U' input pin tied to constant (RSTA=0).
[EFX-0266 WARNING] Module Instance 'gen_probe_in_sync[112].sync_probe_in_U' input pin tied to constant (RSTB=0).
[EFX-0266 WARNING] Module Instance 'gen_probe_in_sync[112].sync_probe_in_U' input pin tied to constant (ENB=1).
[EFX-0266 WARNING] Module Instance 'gen_probe_in_sync[113].sync_probe_in_U' input pin tied to constant (RSTA=0).
[EFX-0266 WARNING] Module Instance 'gen_probe_in_sync[113].sync_probe_in_U' input pin tied to constant (RSTB=0).
[EFX-0266 WARNING] Module Instance 'gen_probe_in_sync[113].sync_probe_in_U' input pin tied to constant (ENB=1).
[EFX-0266 WARNING] Module Instance 'gen_probe_in_sync[114].sync_probe_in_U' input pin tied to constant (RSTA=0).
[EFX-0266 WARNING] Module Instance 'gen_probe_in_sync[114].sync_probe_in_U' input pin tied to constant (RSTB=0).
[EFX-0266 WARNING] Module Instance 'gen_probe_in_sync[114].sync_probe_in_U' input pin tied to constant (ENB=1).
[EFX-0201 WARNING] (/home/wisdom/2019.3/project/MIPIDebug1.6/Efinity/debug_top.v 2723) Re-wiring to GND non-driven net 'burst_write'.
[EFX-0201 WARNING] (/home/wisdom/2019.3/project/MIPIDebug1.6/Efinity/debug_top.v 2770) Re-wiring to GND non-driven net 'register_conn[2][63]'.
[EFX-0201 WARNING] (/home/wisdom/2019.3/project/MIPIDebug1.6/Efinity/debug_top.v 2770) Re-wiring to GND non-driven net 'register_conn[2][62]'.
[EFX-0201 WARNING] (/home/wisdom/2019.3/project/MIPIDebug1.6/Efinity/debug_top.v 2770) Re-wiring to GND non-driven net 'register_conn[2][61]'.
[EFX-0201 WARNING] (/home/wisdom/2019.3/project/MIPIDebug1.6/Efinity/debug_top.v 2770) Re-wiring to GND non-driven net 'register_conn[2][60]'.
[EFX-0201 WARNING] (/home/wisdom/2019.3/project/MIPIDebug1.6/Efinity/debug_top.v 2770) Re-wiring to GND non-driven net 'register_conn[2][59]'.
[EFX-0201 WARNING] (/home/wisdom/2019.3/project/MIPIDebug1.6/Efinity/debug_top.v 2770) Re-wiring to GND non-driven net 'register_conn[2][58]'.
[EFX-0201 WARNING] (/home/wisdom/2019.3/project/MIPIDebug1.6/Efinity/debug_top.v 2770) Re-wiring to GND non-driven net 'register_conn[2][57]'.
[EFX-0201 WARNING] (/home/wisdom/2019.3/project/MIPIDebug1.6/Efinity/debug_top.v 2770) Re-wiring to GND non-driven net 'register_conn[2][56]'.
[EFX-0201 WARNING] (/home/wisdom/2019.3/project/MIPIDebug1.6/Efinity/debug_top.v 2770) Re-wiring to GND non-driven net 'register_conn[2][55]'.
[EFX-0266 WARNING] Module Instance 'MipiTx' input pin tied to constant (probe_in6[0]=0).
[EFX-0266 WARNING] Module Instance 'MipiTx' input pin tied to constant (probe_in7[0]=0).
[EFX-0266 WARNING] Module Instance 'MipiTx' input pin tied to constant (probe_in8[0]=0).
[EFX-0266 WARNING] Module Instance 'MipiTx' input pin tied to constant (probe_in9[0]=0).
[EFX-0266 WARNING] Module Instance 'MipiTx' input pin tied to constant (probe_in10[0]=0).
[EFX-0266 WARNING] Module Instance 'MipiTx' input pin tied to constant (probe_in11[0]=0).
[EFX-0266 WARNING] Module Instance 'MipiTx' input pin tied to constant (probe_in12[0]=0).
[EFX-0266 WARNING] Module Instance 'MipiTx' input pin tied to constant (probe_in13[0]=0).
[EFX-0266 WARNING] Module Instance 'MipiTx' input pin tied to constant (probe_in14[0]=0).
[EFX-0266 WARNING] Module Instance 'MipiTx' input pin tied to constant (probe_in15[0]=0).
[EFX-0266 WARNING] Module Instance 'MipiTx' input pin tied to constant (probe_in16[0]=0).
[EFX-0266 WARNING] Module Instance 'MipiTx' input pin tied to constant (probe_in17[0]=0).
[EFX-0266 WARNING] Module Instance 'MipiTx' input pin tied to constant (probe_in18[0]=0).
[EFX-0266 WARNING] Module Instance 'MipiTx' input pin tied to constant (probe_in19[0]=0).
[EFX-0266 WARNING] Module Instance 'MipiTx' input pin tied to constant (probe_in20[0]=0).
[EFX-0266 WARNING] Module Instance 'MipiTx' input pin tied to constant (probe_in21[0]=0).
[EFX-0266 WARNING] Module Instance 'MipiTx' input pin tied to constant (probe_in22[0]=0).
[EFX-0266 WARNING] Module Instance 'MipiTx' input pin tied to constant (probe_in23[0]=0).
[EFX-0266 WARNING] Module Instance 'MipiTx' input pin tied to constant (probe_in24[0]=0).
[EFX-0266 WARNING] Module Instance 'MipiTx' input pin tied to constant (probe_in25[0]=0).
[EFX-0266 WARNING] Module Instance 'MipiTx' input pin tied to constant (probe_in26[0]=0).
[EFX-0266 WARNING] Module Instance 'MipiTx' input pin tied to constant (probe_in27[0]=0).
[EFX-0266 WARNING] Module Instance 'MipiTx' input pin tied to constant (probe_in28[0]=0).
[EFX-0266 WARNING] Module Instance 'MipiTx' input pin tied to constant (probe_in29[0]=0).
[EFX-0266 WARNING] Module Instance 'MipiTx' input pin tied to constant (probe_in30[0]=0).
[EFX-0266 WARNING] Module Instance 'MipiTx' input pin tied to constant (probe_in31[0]=0).
[EFX-0266 WARNING] Module Instance 'MipiTx' input pin tied to constant (probe_in32[0]=0).
[EFX-0266 WARNING] Module Instance 'MipiTx' input pin tied to constant (probe_in33[0]=0).
[EFX-0266 WARNING] Module Instance 'MipiTx' input pin tied to constant (probe_in34[0]=0).
[EFX-0266 WARNING] Module Instance 'MipiTx' input pin tied to constant (probe_in35[0]=0).
[EFX-0266 WARNING] Module Instance 'MipiTx' input pin tied to constant (probe_in36[0]=0).
[EFX-0266 WARNING] Module Instance 'MipiTx' input pin tied to constant (probe_in37[0]=0).
[EFX-0266 WARNING] Module Instance 'MipiTx' input pin tied to constant (probe_in38[0]=0).
[EFX-0266 WARNING] Module Instance 'MipiTx' input pin tied to constant (probe_in39[0]=0).
[EFX-0266 WARNING] Module Instance 'MipiTx' input pin tied to constant (probe_in40[0]=0).
[EFX-0266 WARNING] Module Instance 'MipiTx' input pin tied to constant (probe_in41[0]=0).
[EFX-0266 WARNING] Module Instance 'MipiTx' input pin tied to constant (probe_in42[0]=0).
[EFX-0266 WARNING] Module Instance 'MipiTx' input pin tied to constant (probe_in43[0]=0).
[EFX-0266 WARNING] Module Instance 'MipiTx' input pin tied to constant (probe_in44[0]=0).
[EFX-0266 WARNING] Module Instance 'MipiTx' input pin tied to constant (probe_in45[0]=0).
[EFX-0266 WARNING] Module Instance 'MipiTx' input pin tied to constant (probe_in46[0]=0).
[EFX-0266 WARNING] Module Instance 'MipiTx' input pin tied to constant (probe_in47[0]=0).
[EFX-0266 WARNING] Module Instance 'MipiTx' input pin tied to constant (probe_in48[0]=0).
[EFX-0266 WARNING] Module Instance 'MipiTx' input pin tied to constant (probe_in49[0]=0).
[EFX-0266 WARNING] Module Instance 'MipiTx' input pin tied to constant (probe_in50[0]=0).
[EFX-0266 WARNING] Module Instance 'MipiTx' input pin tied to constant (probe_in51[0]=0).
[EFX-0266 WARNING] Module Instance 'MipiTx' input pin tied to constant (probe_in52[0]=0).
[EFX-0266 WARNING] Module Instance 'MipiTx' input pin tied to constant (probe_in53[0]=0).
[EFX-0266 WARNING] Module Instance 'MipiTx' input pin tied to constant (probe_in54[0]=0).
[EFX-0266 WARNING] Module Instance 'MipiTx' input pin tied to constant (probe_in55[0]=0).
[EFX-0266 WARNING] Module Instance 'MipiTx' input pin tied to constant (probe_in56[0]=0).
[EFX-0266 WARNING] Module Instance 'MipiTx' input pin tied to constant (probe_in57[0]=0).
[EFX-0266 WARNING] Module Instance 'MipiTx' input pin tied to constant (probe_in58[0]=0).
[EFX-0266 WARNING] Module Instance 'MipiTx' input pin tied to constant (probe_in59[0]=0).
[EFX-0266 WARNING] Module Instance 'MipiTx' input pin tied to constant (probe_in60[0]=0).
[EFX-0266 WARNING] Module Instance 'MipiTx' input pin tied to constant (probe_in61[0]=0).
[EFX-0266 WARNING] Module Instance 'MipiTx' input pin tied to constant (probe_in62[0]=0).
[EFX-0266 WARNING] Module Instance 'MipiTx' input pin tied to constant (probe_in63[0]=0).
[EFX-0266 WARNING] Module Instance 'MipiRx' input pin tied to constant (probe_in12[0]=0).
[EFX-0266 WARNING] Module Instance 'MipiRx' input pin tied to constant (probe_in13[0]=0).
[EFX-0266 WARNING] Module Instance 'MipiRx' input pin tied to constant (probe_in14[0]=0).
[EFX-0266 WARNING] Module Instance 'MipiRx' input pin tied to constant (probe_in15[0]=0).
[EFX-0266 WARNING] Module Instance 'MipiRx' input pin tied to constant (probe_in16[0]=0).
[EFX-0266 WARNING] Module Instance 'MipiRx' input pin tied to constant (probe_in17[0]=0).
[EFX-0266 WARNING] Module Instance 'MipiRx' input pin tied to constant (probe_in18[0]=0).
[EFX-0266 WARNING] Module Instance 'MipiRx' input pin tied to constant (probe_in19[0]=0).
[EFX-0266 WARNING] Module Instance 'MipiRx' input pin tied to constant (probe_in20[0]=0).
[EFX-0266 WARNING] Module Instance 'MipiRx' input pin tied to constant (probe_in21[0]=0).
[EFX-0266 WARNING] Module Instance 'MipiRx' input pin tied to constant (probe_in22[0]=0).
[EFX-0266 WARNING] Module Instance 'MipiRx' input pin tied to constant (probe_in23[0]=0).
[EFX-0266 WARNING] Module Instance 'MipiRx' input pin tied to constant (probe_in24[0]=0).
[EFX-0266 WARNING] Module Instance 'MipiRx' input pin tied to constant (probe_in25[0]=0).
[EFX-0266 WARNING] Module Instance 'MipiRx' input pin tied to constant (probe_in26[0]=0).
[EFX-0266 WARNING] Module Instance 'MipiRx' input pin tied to constant (probe_in27[0]=0).
[EFX-0266 WARNING] Module Instance 'MipiRx' input pin tied to constant (probe_in28[0]=0).
[EFX-0266 WARNING] Module Instance 'MipiRx' input pin tied to constant (probe_in29[0]=0).
[EFX-0266 WARNING] Module Instance 'MipiRx' input pin tied to constant (probe_in30[0]=0).
[EFX-0266 WARNING] Module Instance 'MipiRx' input pin tied to constant (probe_in31[0]=0).
[EFX-0266 WARNING] Module Instance 'MipiRx' input pin tied to constant (probe_in32[0]=0).
[EFX-0266 WARNING] Module Instance 'MipiRx' input pin tied to constant (probe_in33[0]=0).
[EFX-0266 WARNING] Module Instance 'MipiRx' input pin tied to constant (probe_in34[0]=0).
[EFX-0266 WARNING] Module Instance 'MipiRx' input pin tied to constant (probe_in35[0]=0).
[EFX-0266 WARNING] Module Instance 'MipiRx' input pin tied to constant (probe_in36[0]=0).
[EFX-0266 WARNING] Module Instance 'MipiRx' input pin tied to constant (probe_in37[0]=0).
[EFX-0266 WARNING] Module Instance 'MipiRx' input pin tied to constant (probe_in38[0]=0).
[EFX-0266 WARNING] Module Instance 'MipiRx' input pin tied to constant (probe_in39[0]=0).
[EFX-0266 WARNING] Module Instance 'MipiRx' input pin tied to constant (probe_in40[0]=0).
[EFX-0266 WARNING] Module Instance 'MipiRx' input pin tied to constant (probe_in41[0]=0).
[EFX-0266 WARNING] Module Instance 'MipiRx' input pin tied to constant (probe_in42[0]=0).
[EFX-0266 WARNING] Module Instance 'MipiRx' input pin tied to constant (probe_in43[0]=0).
[EFX-0266 WARNING] Module Instance 'MipiRx' input pin tied to constant (probe_in44[0]=0).
[EFX-0266 WARNING] Module Instance 'MipiRx' input pin tied to constant (probe_in45[0]=0).
[EFX-0266 WARNING] Module Instance 'MipiRx' input pin tied to constant (probe_in46[0]=0).
[EFX-0266 WARNING] Module Instance 'MipiRx' input pin tied to constant (probe_in47[0]=0).
[EFX-0266 WARNING] Module Instance 'MipiRx' input pin tied to constant (probe_in48[0]=0).
[EFX-0266 WARNING] Module Instance 'MipiRx' input pin tied to constant (probe_in49[0]=0).
[EFX-0266 WARNING] Module Instance 'MipiRx' input pin tied to constant (probe_in50[0]=0).
[EFX-0266 WARNING] Module Instance 'MipiRx' input pin tied to constant (probe_in51[0]=0).
[EFX-0266 WARNING] Module Instance 'MipiRx' input pin tied to constant (probe_in52[0]=0).
[EFX-0266 WARNING] Module Instance 'MipiRx' input pin tied to constant (probe_in53[0]=0).
[EFX-0266 WARNING] Module Instance 'MipiRx' input pin tied to constant (probe_in54[0]=0).
[EFX-0266 WARNING] Module Instance 'MipiRx' input pin tied to constant (probe_in55[0]=0).
[EFX-0266 WARNING] Module Instance 'MipiRx' input pin tied to constant (probe_in56[0]=0).
[EFX-0266 WARNING] Module Instance 'MipiRx' input pin tied to constant (probe_in57[0]=0).
[EFX-0266 WARNING] Module Instance 'MipiRx' input pin tied to constant (probe_in58[0]=0).
[EFX-0266 WARNING] Module Instance 'MipiRx' input pin tied to constant (probe_in59[0]=0).
[EFX-0266 WARNING] Module Instance 'MipiRx' input pin tied to constant (probe_in60[0]=0).
[EFX-0266 WARNING] Module Instance 'MipiRx' input pin tied to constant (probe_in61[0]=0).
[EFX-0266 WARNING] Module Instance 'MipiRx' input pin tied to constant (probe_in62[0]=0).
[EFX-0266 WARNING] Module Instance 'MipiRx' input pin tied to constant (probe_in63[0]=0).
[EFX-0266 WARNING] Module Instance 'LA_MipiRx' input pin tied to constant (trig_in=0).
[EFX-0266 WARNING] Module Instance 'LA_MipiRx' input pin tied to constant (trig_out_ack=0).
[EFX-0266 WARNING] Module Instance 'debug_hub_inst' input pin tied to constant (edb_module_inhibit[3]=0).
[EFX-0266 WARNING] Module Instance 'debug_hub_inst' input pin tied to constant (edb_module_inhibit[4]=0).
[EFX-0266 WARNING] Module Instance 'debug_hub_inst' input pin tied to constant (edb_module_inhibit[5]=0).
[EFX-0266 WARNING] Module Instance 'debug_hub_inst' input pin tied to constant (edb_module_inhibit[6]=0).
[EFX-0266 WARNING] Module Instance 'debug_hub_inst' input pin tied to constant (edb_module_inhibit[7]=0).
[EFX-0266 WARNING] Module Instance 'debug_hub_inst' input pin tied to constant (edb_module_inhibit[8]=0).
[EFX-0266 WARNING] Module Instance 'debug_hub_inst' input pin tied to constant (edb_module_inhibit[9]=0).
[EFX-0266 WARNING] Module Instance 'debug_hub_inst' input pin tied to constant (edb_module_inhibit[10]=0).
[EFX-0266 WARNING] Module Instance 'debug_hub_inst' input pin tied to constant (edb_module_inhibit[11]=0).
[EFX-0266 WARNING] Module Instance 'debug_hub_inst' input pin tied to constant (edb_module_inhibit[12]=0).
[EFX-0266 WARNING] Module Instance 'debug_hub_inst' input pin tied to constant (edb_module_inhibit[13]=0).
[EFX-0266 WARNING] Module Instance 'debug_hub_inst' input pin tied to constant (edb_module_inhibit[14]=0).
[EFX-0266 WARNING] Module Instance 'debug_hub_inst' input pin tied to constant (edb_module_tdo[3]=0).
[EFX-0266 WARNING] Module Instance 'debug_hub_inst' input pin tied to constant (edb_module_tdo[4]=0).
[EFX-0266 WARNING] Module Instance 'debug_hub_inst' input pin tied to constant (edb_module_tdo[5]=0).
[EFX-0266 WARNING] Module Instance 'debug_hub_inst' input pin tied to constant (edb_module_tdo[6]=0).
[EFX-0266 WARNING] Module Instance 'debug_hub_inst' input pin tied to constant (edb_module_tdo[7]=0).
[EFX-0266 WARNING] Module Instance 'debug_hub_inst' input pin tied to constant (edb_module_tdo[8]=0).
[EFX-0266 WARNING] Module Instance 'debug_hub_inst' input pin tied to constant (edb_module_tdo[9]=0).
[EFX-0266 WARNING] Module Instance 'debug_hub_inst' input pin tied to constant (edb_module_tdo[10]=0).
[EFX-0266 WARNING] Module Instance 'debug_hub_inst' input pin tied to constant (edb_module_tdo[11]=0).
[EFX-0266 WARNING] Module Instance 'debug_hub_inst' input pin tied to constant (edb_module_tdo[12]=0).
[EFX-0266 WARNING] Module Instance 'debug_hub_inst' input pin tied to constant (edb_module_tdo[13]=0).
[EFX-0266 WARNING] Module Instance 'debug_hub_inst' input pin tied to constant (edb_module_tdo[14]=0).
[EFX-0266 WARNING] Module Instance 'edb_top_inst' input pin tied to constant (MipiRx_VidioRxVBlankTime_us[16]=0).
[EFX-0266 WARNING] Module Instance 'edb_top_inst' input pin tied to constant (MipiRx_VidioRxVBlankTime_us[17]=0).
[EFX-0266 WARNING] Module Instance 'edb_top_inst' input pin tied to constant (MipiRx_VidioRxVBlankTime_us[18]=0).
[EFX-0266 WARNING] Module Instance 'edb_top_inst' input pin tied to constant (MipiRx_VidioRxVBlankTime_us[19]=0).
[EFX-0008 VERI-WARNING] Input/Inout Port jtag_inst1_DRCK is unconnected and will be removed
[EFX-0008 VERI-WARNING] Input/Inout Port jtag_inst1_RUNTEST is unconnected and will be removed
[EFX-0008 VERI-WARNING] Input/Inout Port jtag_inst1_TMS is unconnected and will be removed
[EFX-0008 VERI-WARNING] Input/Inout Port PllLocked[0] is unconnected and will be removed
[EFX-0008 VERI-WARNING] Input/Inout Port MipiTxEscClk is unconnected and will be removed
[EFX-0008 VERI-WARNING] Input/Inout Port MipiRxCalClk is unconnected and will be removed
[EFX-0008 VERI-WARNING] Input/Inout Port MipiRx_ULPS_CLK is unconnected and will be removed
[EFX-0008 VERI-WARNING] Input/Inout Port MipiRx_ULPS[3] is unconnected and will be removed
[EFX-0008 VERI-WARNING] Input/Inout Port MipiRx_ULPS[2] is unconnected and will be removed
[EFX-0008 VERI-WARNING] Input/Inout Port MipiRx_ULPS[1] is unconnected and will be removed
[EFX-0008 VERI-WARNING] Input/Inout Port MipiRx_ULPS[0] is unconnected and will be removed
